dammif ........................................... : r10552
Log opened ....................................... : 30-Mar-2020, 11:51:11
Run as:
Full command line ................................ : /usr/bin/dammif --quiet --mode=Fast --prefix=BSA_20fast_20 --unit=Unknown --symmetry=P1 --anisometry=Unknown --omit-solvent BSA_20fast.out
Configuration mode ............................... : fast
Angular units .................................... : unknown
Prefix ........................................... : BSA_20fast_20
Omit output of solvent ........................... : yes
GNOM input file .................................. : BSA_20fast.out
Expected particle anisometry ..................... : unknown
Enforced particle symmetry ....................... : p1
Pseudo-chains in PDB output ...................... : no
GNOM file:
Title ............................................ :
Angular units .................................... : angstrom
Maximum particle diameter [Angstrom] ............. : 94.0
Radius of gyration [Angstrom] .................... : 28.4
Minimum s [1/Angstrom] ........................... : 0.00
Maximum s [1/Angstrom] ........................... : 0.283
Configured as:
Shape class ...................................... : compact
Approx. shape dimension (ri) ..................... : 0.00
Approx. shape dimension (ro) ..................... : 36.6
Approx. shape dimension (h) ...................... : 0.00
Dummy atom radius ................................ : 2.60
Number of spherical harmonics .................... : 15
Proportion of the curve to be fitted ............. : 1.00
Maximum s [1/Angstrom] ........................... : 0.283
Number of shannon channels ....................... : 9
Number of supporting points in spline approx. .... : 9
Probability that the spline approx. fits the data  : 0.917E-01
Weighting function ............................... : emphasised porod
Initial random seed .............................. : 5163132246247766279
Maximum number of steps .......................... : 200
Maximum number of iterations ..................... : 20000
Minumum number of successes ...................... : 20
Maximum number of successes ...................... : 2000
Temperature scheduling factor .................... : 0.900
Rg penalty weight ................................ : 0.100E-02
Center penalty weight ............................ : 0.100E-04
Looseness penalty weight ......................... : 0.100E-01
Anisometry penalty weight ........................ : 0.00
Constant subtraction ............................. : skipped (unable to determine constant)
Annealing procedure status ....................... : warming up
Initial Rg penalty ............................... : 0.142E-01
Initial Center penalty ........................... : 0.114E-14
Initial Looseness penalty ........................ : 0.658E-02
Annealing procedure status ....................... : started
Step:    1, T: 0.323E-04, 1339/4607, Succ: 2000, Eval: 3749, CPU: 00:00:00
 Rf: 0.1289, Los: 0.09, Rg: 0.01, Cen: 0.55, Ani: 0.00, Fit: 0.1324
Step:    2, T: 0.291E-04, 1167/5208, Succ: 2000, Eval: 8243, CPU: 00:00:00
 Rf: 0.1123, Los: 0.13, Rg: 0.04, Cen: 1.19, Ani: 0.00, Fit: 0.1181
Step:    3, T: 0.262E-04, 1093/5831, Succ: 2000, Eval: 13655, CPU: 00:00:00
 Rf: 0.0945, Los: 0.14, Rg: 0.20, Cen: 2.30, Ani: 0.00, Fit: 0.1026
Step:    4, T: 0.236E-04, 1025/6123, Succ: 2000, Eval: 19137, CPU: 00:00:01
 Rf: 0.0788, Los: 0.13, Rg: 0.08, Cen: 2.14, Ani: 0.00, Fit: 0.0871
Step:    5, T: 0.212E-04, 989/6429, Succ: 2000, Eval: 24652, CPU: 00:00:01
 Rf: 0.0712, Los: 0.12, Rg: 0.12, Cen: 2.02, Ani: 0.00, Fit: 0.0803
Step:    6, T: 0.191E-04, 915/6609, Succ: 2000, Eval: 30415, CPU: 00:00:01
 Rf: 0.0589, Los: 0.13, Rg: 0.14, Cen: 2.27, Ani: 0.00, Fit: 0.0705
Step:    7, T: 0.172E-04, 873/6734, Succ: 2000, Eval: 35992, CPU: 00:00:02
 Rf: 0.0496, Los: 0.13, Rg: 0.03, Cen: 2.70, Ani: 0.00, Fit: 0.0614
Step:    8, T: 0.155E-04, 805/6878, Succ: 2000, Eval: 41471, CPU: 00:00:02
 Rf: 0.0352, Los: 0.13, Rg: 0.03, Cen: 3.10, Ani: 0.00, Fit: 0.0509
Step:    9, T: 0.139E-04, 831/7001, Succ: 2000, Eval: 46783, CPU: 00:00:02
 Rf: 0.0356, Los: 0.13, Rg: 0.05, Cen: 4.09, Ani: 0.00, Fit: 0.0512
Step:   10, T: 0.125E-04, 825/7130, Succ: 2000, Eval: 52197, CPU: 00:00:02
 Rf: 0.0281, Los: 0.12, Rg: 0.04, Cen: 3.94, Ani: 0.00, Fit: 0.0453
Step:   11, T: 0.113E-04, 791/7239, Succ: 2000, Eval: 56965, CPU: 00:00:02
 Rf: 0.0255, Los: 0.11, Rg: 0.02, Cen: 3.27, Ani: 0.00, Fit: 0.0426
Step:   12, T: 0.102E-04, 831/7284, Succ: 2000, Eval: 61763, CPU: 00:00:03
 Rf: 0.0293, Los: 0.11, Rg: 0.02, Cen: 4.28, Ani: 0.00, Fit: 0.0450
Step:   13, T: 0.914E-05, 823/7358, Succ: 2000, Eval: 66765, CPU: 00:00:03
 Rf: 0.0232, Los: 0.10, Rg: 0.01, Cen: 4.43, Ani: 0.00, Fit: 0.0404
Step:   14, T: 0.822E-05, 827/7393, Succ: 2000, Eval: 71627, CPU: 00:00:03
 Rf: 0.0249, Los: 0.10, Rg: 0.01, Cen: 4.31, Ani: 0.00, Fit: 0.0410
Step:   15, T: 0.740E-05, 825/7480, Succ: 2000, Eval: 76683, CPU: 00:00:03
 Rf: 0.0208, Los: 0.10, Rg: 0.01, Cen: 4.90, Ani: 0.00, Fit: 0.0384
Step:   16, T: 0.666E-05, 799/7526, Succ: 2000, Eval: 81654, CPU: 00:00:03
 Rf: 0.0183, Los: 0.10, Rg: 0.01, Cen: 6.69, Ani: 0.00, Fit: 0.0377
Step:   17, T: 0.599E-05, 771/7585, Succ: 2000, Eval: 86781, CPU: 00:00:03
 Rf: 0.0144, Los: 0.10, Rg: 0.01, Cen: 6.24, Ani: 0.00, Fit: 0.0356
Step:   18, T: 0.539E-05, 801/7622, Succ: 2000, Eval: 91675, CPU: 00:00:04
 Rf: 0.0137, Los: 0.08, Rg: 0.00, Cen: 6.06, Ani: 0.00, Fit: 0.0324
Step:   19, T: 0.486E-05, 791/7668, Succ: 2000, Eval: 96605, CPU: 00:00:04
 Rf: 0.0134, Los: 0.09, Rg: 0.00, Cen: 4.39, Ani: 0.00, Fit: 0.0329
Step:   20, T: 0.437E-05, 787/7707, Succ: 2000, Eval: 101602, CPU: 00:00:04
 Rf: 0.0126, Los: 0.09, Rg: 0.00, Cen: 5.28, Ani: 0.00, Fit: 0.0329
Step:   21, T: 0.393E-05, 829/7722, Succ: 2000, Eval: 106576, CPU: 00:00:04
 Rf: 0.0113, Los: 0.07, Rg: 0.00, Cen: 5.64, Ani: 0.00, Fit: 0.0299
Step:   22, T: 0.354E-05, 811/7739, Succ: 2000, Eval: 111588, CPU: 00:00:04
 Rf: 0.0087, Los: 0.07, Rg: 0.00, Cen: 5.44, Ani: 0.00, Fit: 0.0286
Step:   23, T: 0.319E-05, 791/7777, Succ: 2000, Eval: 116950, CPU: 00:00:04
 Rf: 0.0076, Los: 0.07, Rg: 0.00, Cen: 4.99, Ani: 0.00, Fit: 0.0287
Step:   24, T: 0.287E-05, 811/7798, Succ: 2000, Eval: 122260, CPU: 00:00:04
 Rf: 0.0086, Los: 0.06, Rg: 0.00, Cen: 4.08, Ani: 0.00, Fit: 0.0276
Step:   25, T: 0.258E-05, 815/7827, Succ: 2000, Eval: 127720, CPU: 00:00:05
 Rf: 0.0075, Los: 0.06, Rg: 0.00, Cen: 3.83, Ani: 0.00, Fit: 0.0256
Step:   26, T: 0.232E-05, 817/7862, Succ: 2000, Eval: 133455, CPU: 00:00:05
 Rf: 0.0065, Los: 0.05, Rg: 0.00, Cen: 2.51, Ani: 0.00, Fit: 0.0248
Step:   27, T: 0.209E-05, 841/7888, Succ: 2000, Eval: 139236, CPU: 00:00:05
 Rf: 0.0066, Los: 0.05, Rg: 0.00, Cen: 2.75, Ani: 0.00, Fit: 0.0240
Step:   28, T: 0.188E-05, 835/7913, Succ: 2000, Eval: 145147, CPU: 00:00:05
 Rf: 0.0042, Los: 0.04, Rg: 0.00, Cen: 1.68, Ani: 0.00, Fit: 0.0219
Step:   29, T: 0.169E-05, 837/7920, Succ: 2000, Eval: 151425, CPU: 00:00:05
 Rf: 0.0036, Los: 0.05, Rg: 0.00, Cen: 1.75, Ani: 0.00, Fit: 0.0222
Step:   30, T: 0.152E-05, 863/7936, Succ: 2000, Eval: 158064, CPU: 00:00:05
 Rf: 0.0061, Los: 0.04, Rg: 0.00, Cen: 0.81, Ani: 0.00, Fit: 0.0220
Step:   31, T: 0.137E-05, 863/7950, Succ: 2000, Eval: 164711, CPU: 00:00:06
 Rf: 0.0054, Los: 0.04, Rg: 0.00, Cen: 0.38, Ani: 0.00, Fit: 0.0204
Step:   32, T: 0.123E-05, 887/7956, Succ: 2000, Eval: 171605, CPU: 00:00:06
 Rf: 0.0049, Los: 0.04, Rg: 0.00, Cen: 0.72, Ani: 0.00, Fit: 0.0198
Step:   33, T: 0.111E-05, 877/7968, Succ: 2000, Eval: 179089, CPU: 00:00:06
 Rf: 0.0036, Los: 0.04, Rg: 0.00, Cen: 0.25, Ani: 0.00, Fit: 0.0199
Step:   34, T: 0.100E-05, 905/7980, Succ: 2000, Eval: 186817, CPU: 00:00:06
 Rf: 0.0033, Los: 0.03, Rg: 0.00, Cen: 0.45, Ani: 0.00, Fit: 0.0183
Step:   35, T: 0.900E-06, 893/7985, Succ: 2000, Eval: 194530, CPU: 00:00:06
 Rf: 0.0031, Los: 0.03, Rg: 0.00, Cen: 0.35, Ani: 0.00, Fit: 0.0181
Step:   36, T: 0.810E-06, 915/7989, Succ: 2000, Eval: 202904, CPU: 00:00:07
 Rf: 0.0029, Los: 0.03, Rg: 0.00, Cen: 0.10, Ani: 0.00, Fit: 0.0177
Step:   37, T: 0.729E-06, 889/7993, Succ: 2000, Eval: 211999, CPU: 00:00:07
 Rf: 0.0019, Los: 0.03, Rg: 0.00, Cen: 0.37, Ani: 0.00, Fit: 0.0170
Step:   38, T: 0.656E-06, 903/7994, Succ: 2000, Eval: 221699, CPU: 00:00:07
 Rf: 0.0016, Los: 0.03, Rg: 0.00, Cen: 0.35, Ani: 0.00, Fit: 0.0165
Step:   39, T: 0.590E-06, 939/7998, Succ: 2000, Eval: 231977, CPU: 00:00:07
 Rf: 0.0022, Los: 0.02, Rg: 0.00, Cen: 0.25, Ani: 0.00, Fit: 0.0158
Step:   40, T: 0.531E-06, 931/8009, Succ: 2000, Eval: 243325, CPU: 00:00:08
 Rf: 0.0017, Los: 0.02, Rg: 0.00, Cen: 0.23, Ani: 0.00, Fit: 0.0155
Step:   41, T: 0.478E-06, 937/8010, Succ: 2000, Eval: 255624, CPU: 00:00:08
 Rf: 0.0021, Los: 0.02, Rg: 0.00, Cen: 0.10, Ani: 0.00, Fit: 0.0155
Step:   42, T: 0.430E-06, 951/8012, Succ: 2000, Eval: 268284, CPU: 00:00:08
 Rf: 0.0019, Los: 0.02, Rg: 0.00, Cen: 0.13, Ani: 0.00, Fit: 0.0150
Step:   43, T: 0.387E-06, 951/8016, Succ: 2000, Eval: 282181, CPU: 00:00:08
 Rf: 0.0012, Los: 0.02, Rg: 0.00, Cen: 0.07, Ani: 0.00, Fit: 0.0146
Step:   44, T: 0.349E-06, 971/8017, Succ: 2000, Eval: 298992, CPU: 00:00:09
 Rf: 0.0017, Los: 0.02, Rg: 0.00, Cen: 0.15, Ani: 0.00, Fit: 0.0137
Step:   45, T: 0.314E-06, 977/8032, Succ: 2000, Eval: 317393, CPU: 00:00:09
 Rf: 0.0018, Los: 0.02, Rg: 0.00, Cen: 0.03, Ani: 0.00, Fit: 0.0138
Step:   46, T: 0.282E-06, 985/8041, Succ: 1952, Eval: 337393, CPU: 00:00:10
 Rf: 0.0017, Los: 0.02, Rg: 0.00, Cen: 0.06, Ani: 0.00, Fit: 0.0135
Step:   47, T: 0.254E-06, 995/8041, Succ: 1750, Eval: 357393, CPU: 00:00:10
 Rf: 0.0014, Los: 0.02, Rg: 0.00, Cen: 0.07, Ani: 0.00, Fit: 0.0131
Step:   48, T: 0.229E-06, 1013/8044, Succ: 1450, Eval: 377393, CPU: 00:00:10
 Rf: 0.0014, Los: 0.02, Rg: 0.00, Cen: 0.08, Ani: 0.00, Fit: 0.0128
Step:   49, T: 0.206E-06, 1010/8050, Succ: 1339, Eval: 397393, CPU: 00:00:11
 Rf: 0.0018, Los: 0.02, Rg: 0.00, Cen: 0.06, Ani: 0.00, Fit: 0.0129
Step:   50, T: 0.185E-06, 1022/8054, Succ: 1066, Eval: 417393, CPU: 00:00:11
 Rf: 0.0011, Los: 0.01, Rg: 0.00, Cen: 0.03, Ani: 0.00, Fit: 0.0123
Step:   51, T: 0.167E-06, 1023/8056, Succ: 901, Eval: 437393, CPU: 00:00:12
 Rf: 0.0014, Los: 0.01, Rg: 0.00, Cen: 0.06, Ani: 0.00, Fit: 0.0123
Step:   52, T: 0.150E-06, 1023/8056, Succ: 738, Eval: 457393, CPU: 00:00:12
 Rf: 0.0010, Los: 0.01, Rg: 0.00, Cen: 0.01, Ani: 0.00, Fit: 0.0121
Step:   53, T: 0.135E-06, 1034/8056, Succ: 645, Eval: 477393, CPU: 00:00:12
 Rf: 0.0012, Los: 0.01, Rg: 0.00, Cen: 0.05, Ani: 0.00, Fit: 0.0119
Step:   54, T: 0.122E-06, 1032/8056, Succ: 508, Eval: 497393, CPU: 00:00:13
 Rf: 0.0012, Los: 0.01, Rg: 0.00, Cen: 0.04, Ani: 0.00, Fit: 0.0118
Step:   55, T: 0.109E-06, 1041/8056, Succ: 415, Eval: 517393, CPU: 00:00:13
 Rf: 0.0013, Los: 0.01, Rg: 0.00, Cen: 0.02, Ani: 0.00, Fit: 0.0117
Step:   56, T: 0.984E-07, 1042/8056, Succ: 323, Eval: 537393, CPU: 00:00:14
 Rf: 0.0013, Los: 0.01, Rg: 0.00, Cen: 0.00, Ani: 0.00, Fit: 0.0115
Step:   57, T: 0.886E-07, 1050/8056, Succ: 198, Eval: 557393, CPU: 00:00:14
 Rf: 0.0012, Los: 0.01, Rg: 0.00, Cen: 0.03, Ani: 0.00, Fit: 0.0112
Step:   58, T: 0.797E-07, 1046/8056, Succ: 152, Eval: 577393, CPU: 00:00:14
 Rf: 0.0011, Los: 0.01, Rg: 0.00, Cen: 0.03, Ani: 0.00, Fit: 0.0112
Step:   59, T: 0.718E-07, 1049/8056, Succ: 87, Eval: 597393, CPU: 00:00:15
 Rf: 0.0011, Los: 0.01, Rg: 0.00, Cen: 0.01, Ani: 0.00, Fit: 0.0112
Step:   60, T: 0.646E-07, 1051/8056, Succ: 64, Eval: 617393, CPU: 00:00:15
 Rf: 0.0011, Los: 0.01, Rg: 0.00, Cen: 0.02, Ani: 0.00, Fit: 0.0112
Step:   61, T: 0.581E-07, 1049/8056, Succ: 34, Eval: 637393, CPU: 00:00:16
 Rf: 0.0010, Los: 0.01, Rg: 0.00, Cen: 0.01, Ani: 0.00, Fit: 0.0112
Step:   62, T: 0.523E-07, 1049/8056, Succ: 30, Eval: 657393, CPU: 00:00:16
 Rf: 0.0010, Los: 0.01, Rg: 0.00, Cen: 0.01, Ani: 0.00, Fit: 0.0112
Step:   63, T: 0.471E-07, 1051/8056, Succ: 38, Eval: 677393, CPU: 00:00:16
 Rf: 0.0010, Los: 0.01, Rg: 0.00, Cen: 0.01, Ani: 0.00, Fit: 0.0112
Step:   64, T: 0.424E-07, 1053/8056, Succ: 12, Eval: 697393, CPU: 00:00:17
 Rf: 0.0011, Los: 0.01, Rg: 0.00, Cen: 0.02, Ani: 0.00, Fit: 0.0111
Annealing procedure status ....................... : cooled down
Probability that the model fits the data ......... : 0.807
Preparing output files ........................... : pdb, fit, fir
Log closed ....................................... : 30-Mar-2020, 11:51:30
