dammif ........................................... : r10552
Log opened ....................................... : 30-Mar-2020, 11:47:37
Run as:
Full command line ................................ : /usr/bin/dammif --quiet --mode=Fast --prefix=BSA_20fast_11 --unit=Unknown --symmetry=P1 --anisometry=Unknown --omit-solvent BSA_20fast.out
Configuration mode ............................... : fast
Angular units .................................... : unknown
Prefix ........................................... : BSA_20fast_11
Omit output of solvent ........................... : yes
GNOM input file .................................. : BSA_20fast.out
Expected particle anisometry ..................... : unknown
Enforced particle symmetry ....................... : p1
Pseudo-chains in PDB output ...................... : no
GNOM file:
Title ............................................ :
Angular units .................................... : angstrom
Maximum particle diameter [Angstrom] ............. : 94.0
Radius of gyration [Angstrom] .................... : 28.4
Minimum s [1/Angstrom] ........................... : 0.00
Maximum s [1/Angstrom] ........................... : 0.283
Configured as:
Shape class ...................................... : compact
Approx. shape dimension (ri) ..................... : 0.00
Approx. shape dimension (ro) ..................... : 36.6
Approx. shape dimension (h) ...................... : 0.00
Dummy atom radius ................................ : 2.60
Number of spherical harmonics .................... : 15
Proportion of the curve to be fitted ............. : 1.00
Maximum s [1/Angstrom] ........................... : 0.283
Number of shannon channels ....................... : 9
Number of supporting points in spline approx. .... : 9
Probability that the spline approx. fits the data  : 0.917E-01
Weighting function ............................... : emphasised porod
Initial random seed .............................. : 5149114824655009741
Maximum number of steps .......................... : 200
Maximum number of iterations ..................... : 20000
Minumum number of successes ...................... : 20
Maximum number of successes ...................... : 2000
Temperature scheduling factor .................... : 0.900
Rg penalty weight ................................ : 0.100E-02
Center penalty weight ............................ : 0.100E-04
Looseness penalty weight ......................... : 0.100E-01
Anisometry penalty weight ........................ : 0.00
Constant subtraction ............................. : skipped (unable to determine constant)
Annealing procedure status ....................... : warming up
Initial Rg penalty ............................... : 0.142E-01
Initial Center penalty ........................... : 0.114E-14
Initial Looseness penalty ........................ : 0.658E-02
Annealing procedure status ....................... : started
Step:    1, T: 0.314E-04, 1381/4532, Succ: 2000, Eval: 3690, CPU: 00:00:00
 Rf: 0.1277, Los: 0.08, Rg: 0.07, Cen: 0.44, Ani: 0.00, Fit: 0.1310
Step:    2, T: 0.282E-04, 1199/5065, Succ: 2000, Eval: 7690, CPU: 00:00:00
 Rf: 0.1169, Los: 0.12, Rg: 0.01, Cen: 1.54, Ani: 0.00, Fit: 0.1219
Step:    3, T: 0.254E-04, 1069/5650, Succ: 2000, Eval: 12967, CPU: 00:00:00
 Rf: 0.0901, Los: 0.13, Rg: 0.02, Cen: 2.54, Ani: 0.00, Fit: 0.0974
Step:    4, T: 0.229E-04, 1005/5975, Succ: 2000, Eval: 18233, CPU: 00:00:01
 Rf: 0.0683, Los: 0.12, Rg: 0.02, Cen: 2.75, Ani: 0.00, Fit: 0.0769
Step:    5, T: 0.206E-04, 945/6248, Succ: 2000, Eval: 23572, CPU: 00:00:01
 Rf: 0.0541, Los: 0.12, Rg: 0.00, Cen: 2.96, Ani: 0.00, Fit: 0.0642
Step:    6, T: 0.185E-04, 941/6429, Succ: 2000, Eval: 29131, CPU: 00:00:01
 Rf: 0.0544, Los: 0.13, Rg: 0.04, Cen: 2.90, Ani: 0.00, Fit: 0.0655
Step:    7, T: 0.167E-04, 905/6636, Succ: 2000, Eval: 34445, CPU: 00:00:01
 Rf: 0.0445, Los: 0.12, Rg: 0.05, Cen: 3.23, Ani: 0.00, Fit: 0.0570
Step:    8, T: 0.150E-04, 867/6733, Succ: 2000, Eval: 39555, CPU: 00:00:02
 Rf: 0.0414, Los: 0.12, Rg: 0.02, Cen: 4.00, Ani: 0.00, Fit: 0.0541
Step:    9, T: 0.135E-04, 857/6794, Succ: 2000, Eval: 44826, CPU: 00:00:02
 Rf: 0.0415, Los: 0.12, Rg: 0.02, Cen: 4.14, Ani: 0.00, Fit: 0.0545
Step:   10, T: 0.122E-04, 843/6889, Succ: 2000, Eval: 49670, CPU: 00:00:02
 Rf: 0.0347, Los: 0.11, Rg: 0.00, Cen: 3.66, Ani: 0.00, Fit: 0.0489
Step:   11, T: 0.109E-04, 879/6968, Succ: 2000, Eval: 54576, CPU: 00:00:02
 Rf: 0.0353, Los: 0.11, Rg: 0.04, Cen: 4.54, Ani: 0.00, Fit: 0.0488
Step:   12, T: 0.984E-05, 845/7016, Succ: 2000, Eval: 59500, CPU: 00:00:02
 Rf: 0.0274, Los: 0.10, Rg: 0.03, Cen: 4.01, Ani: 0.00, Fit: 0.0432
Step:   13, T: 0.886E-05, 827/7079, Succ: 2000, Eval: 64536, CPU: 00:00:02
 Rf: 0.0251, Los: 0.10, Rg: 0.03, Cen: 3.28, Ani: 0.00, Fit: 0.0414
Step:   14, T: 0.797E-05, 811/7146, Succ: 2000, Eval: 69643, CPU: 00:00:03
 Rf: 0.0210, Los: 0.10, Rg: 0.00, Cen: 3.08, Ani: 0.00, Fit: 0.0387
Step:   15, T: 0.718E-05, 783/7227, Succ: 2000, Eval: 74537, CPU: 00:00:03
 Rf: 0.0198, Los: 0.10, Rg: 0.00, Cen: 3.85, Ani: 0.00, Fit: 0.0381
Step:   16, T: 0.646E-05, 793/7289, Succ: 2000, Eval: 79666, CPU: 00:00:03
 Rf: 0.0173, Los: 0.10, Rg: 0.00, Cen: 5.04, Ani: 0.00, Fit: 0.0365
Step:   17, T: 0.581E-05, 809/7352, Succ: 2000, Eval: 84836, CPU: 00:00:03
 Rf: 0.0152, Los: 0.09, Rg: 0.02, Cen: 4.65, Ani: 0.00, Fit: 0.0343
Step:   18, T: 0.523E-05, 803/7382, Succ: 2000, Eval: 89832, CPU: 00:00:03
 Rf: 0.0153, Los: 0.08, Rg: 0.00, Cen: 4.44, Ani: 0.00, Fit: 0.0335
Step:   19, T: 0.471E-05, 795/7411, Succ: 2000, Eval: 94896, CPU: 00:00:03
 Rf: 0.0163, Los: 0.09, Rg: 0.00, Cen: 3.59, Ani: 0.00, Fit: 0.0341
Step:   20, T: 0.424E-05, 795/7433, Succ: 2000, Eval: 100048, CPU: 00:00:04
 Rf: 0.0096, Los: 0.08, Rg: 0.00, Cen: 4.76, Ani: 0.00, Fit: 0.0304
Step:   21, T: 0.381E-05, 819/7502, Succ: 2000, Eval: 105222, CPU: 00:00:04
 Rf: 0.0099, Los: 0.08, Rg: 0.00, Cen: 3.53, Ani: 0.00, Fit: 0.0299
Step:   22, T: 0.343E-05, 821/7526, Succ: 2000, Eval: 110650, CPU: 00:00:04
 Rf: 0.0113, Los: 0.07, Rg: 0.00, Cen: 3.27, Ani: 0.00, Fit: 0.0299
Step:   23, T: 0.309E-05, 819/7576, Succ: 2000, Eval: 116083, CPU: 00:00:04
 Rf: 0.0070, Los: 0.06, Rg: 0.00, Cen: 3.18, Ani: 0.00, Fit: 0.0268
Step:   24, T: 0.278E-05, 825/7612, Succ: 2000, Eval: 121586, CPU: 00:00:04
 Rf: 0.0092, Los: 0.06, Rg: 0.00, Cen: 3.08, Ani: 0.00, Fit: 0.0267
Step:   25, T: 0.250E-05, 801/7618, Succ: 2000, Eval: 127097, CPU: 00:00:04
 Rf: 0.0057, Los: 0.06, Rg: 0.00, Cen: 3.08, Ani: 0.00, Fit: 0.0254
Step:   26, T: 0.225E-05, 823/7631, Succ: 2000, Eval: 132924, CPU: 00:00:04
 Rf: 0.0077, Los: 0.06, Rg: 0.00, Cen: 2.99, Ani: 0.00, Fit: 0.0257
Step:   27, T: 0.203E-05, 837/7648, Succ: 2000, Eval: 139154, CPU: 00:00:05
 Rf: 0.0071, Los: 0.05, Rg: 0.00, Cen: 1.69, Ani: 0.00, Fit: 0.0240
Step:   28, T: 0.182E-05, 829/7660, Succ: 2000, Eval: 145175, CPU: 00:00:05
 Rf: 0.0056, Los: 0.05, Rg: 0.00, Cen: 1.00, Ani: 0.00, Fit: 0.0233
Step:   29, T: 0.164E-05, 833/7673, Succ: 2000, Eval: 151585, CPU: 00:00:05
 Rf: 0.0038, Los: 0.04, Rg: 0.00, Cen: 1.00, Ani: 0.00, Fit: 0.0216
Step:   30, T: 0.148E-05, 857/7677, Succ: 2000, Eval: 158074, CPU: 00:00:05
 Rf: 0.0046, Los: 0.04, Rg: 0.00, Cen: 0.60, Ani: 0.00, Fit: 0.0211
Step:   31, T: 0.133E-05, 873/7681, Succ: 2000, Eval: 164672, CPU: 00:00:05
 Rf: 0.0040, Los: 0.04, Rg: 0.00, Cen: 0.30, Ani: 0.00, Fit: 0.0202
Step:   32, T: 0.120E-05, 861/7682, Succ: 2000, Eval: 171469, CPU: 00:00:05
 Rf: 0.0045, Los: 0.04, Rg: 0.00, Cen: 0.57, Ani: 0.00, Fit: 0.0204
Step:   33, T: 0.108E-05, 897/7692, Succ: 2000, Eval: 178488, CPU: 00:00:05
 Rf: 0.0037, Los: 0.03, Rg: 0.00, Cen: 0.51, Ani: 0.00, Fit: 0.0190
Step:   34, T: 0.969E-06, 895/7701, Succ: 2000, Eval: 186269, CPU: 00:00:06
 Rf: 0.0041, Los: 0.03, Rg: 0.00, Cen: 0.46, Ani: 0.00, Fit: 0.0182
Step:   35, T: 0.872E-06, 907/7709, Succ: 2000, Eval: 194277, CPU: 00:00:06
 Rf: 0.0045, Los: 0.03, Rg: 0.00, Cen: 0.15, Ani: 0.00, Fit: 0.0181
Step:   36, T: 0.785E-06, 885/7714, Succ: 2000, Eval: 202513, CPU: 00:00:06
 Rf: 0.0034, Los: 0.03, Rg: 0.00, Cen: 0.46, Ani: 0.00, Fit: 0.0178
Step:   37, T: 0.707E-06, 901/7716, Succ: 2000, Eval: 211422, CPU: 00:00:06
 Rf: 0.0027, Los: 0.03, Rg: 0.00, Cen: 0.42, Ani: 0.00, Fit: 0.0170
Step:   38, T: 0.636E-06, 919/7724, Succ: 2000, Eval: 221020, CPU: 00:00:06
 Rf: 0.0022, Los: 0.03, Rg: 0.00, Cen: 0.17, Ani: 0.00, Fit: 0.0166
Step:   39, T: 0.572E-06, 935/7728, Succ: 2000, Eval: 230801, CPU: 00:00:07
 Rf: 0.0024, Los: 0.02, Rg: 0.00, Cen: 0.05, Ani: 0.00, Fit: 0.0158
Step:   40, T: 0.515E-06, 943/7728, Succ: 2000, Eval: 241902, CPU: 00:00:07
 Rf: 0.0031, Los: 0.02, Rg: 0.00, Cen: 0.25, Ani: 0.00, Fit: 0.0156
Step:   41, T: 0.464E-06, 955/7736, Succ: 2000, Eval: 253900, CPU: 00:00:07
 Rf: 0.0021, Los: 0.02, Rg: 0.00, Cen: 0.08, Ani: 0.00, Fit: 0.0147
Step:   42, T: 0.417E-06, 949/7739, Succ: 2000, Eval: 266914, CPU: 00:00:07
 Rf: 0.0015, Los: 0.02, Rg: 0.00, Cen: 0.13, Ani: 0.00, Fit: 0.0149
Step:   43, T: 0.376E-06, 963/7740, Succ: 2000, Eval: 280972, CPU: 00:00:08
 Rf: 0.0020, Los: 0.02, Rg: 0.00, Cen: 0.06, Ani: 0.00, Fit: 0.0143
Step:   44, T: 0.338E-06, 969/7741, Succ: 2000, Eval: 296847, CPU: 00:00:08
 Rf: 0.0015, Los: 0.02, Rg: 0.00, Cen: 0.08, Ani: 0.00, Fit: 0.0141
Step:   45, T: 0.304E-06, 981/7743, Succ: 2000, Eval: 314049, CPU: 00:00:08
 Rf: 0.0015, Los: 0.02, Rg: 0.00, Cen: 0.10, Ani: 0.00, Fit: 0.0135
Step:   46, T: 0.274E-06, 979/7747, Succ: 2000, Eval: 333456, CPU: 00:00:09
 Rf: 0.0015, Los: 0.02, Rg: 0.00, Cen: 0.07, Ani: 0.00, Fit: 0.0134
Step:   47, T: 0.246E-06, 993/7749, Succ: 1836, Eval: 353456, CPU: 00:00:09
 Rf: 0.0015, Los: 0.02, Rg: 0.00, Cen: 0.11, Ani: 0.00, Fit: 0.0128
Step:   48, T: 0.222E-06, 1003/7754, Succ: 1594, Eval: 373456, CPU: 00:00:10
 Rf: 0.0016, Los: 0.02, Rg: 0.00, Cen: 0.05, Ani: 0.00, Fit: 0.0124
Step:   49, T: 0.200E-06, 1005/7754, Succ: 1430, Eval: 393456, CPU: 00:00:11
 Rf: 0.0010, Los: 0.02, Rg: 0.00, Cen: 0.03, Ani: 0.00, Fit: 0.0124
Step:   50, T: 0.180E-06, 1024/7754, Succ: 1251, Eval: 413456, CPU: 00:00:11
 Rf: 0.0012, Los: 0.01, Rg: 0.00, Cen: 0.09, Ani: 0.00, Fit: 0.0119
Step:   51, T: 0.162E-06, 1036/7754, Succ: 936, Eval: 433456, CPU: 00:00:12
 Rf: 0.0010, Los: 0.01, Rg: 0.00, Cen: 0.06, Ani: 0.00, Fit: 0.0116
Step:   52, T: 0.145E-06, 1023/7754, Succ: 811, Eval: 453456, CPU: 00:00:12
 Rf: 0.0013, Los: 0.01, Rg: 0.00, Cen: 0.06, Ani: 0.00, Fit: 0.0116
Step:   53, T: 0.131E-06, 1036/7754, Succ: 615, Eval: 473456, CPU: 00:00:13
 Rf: 0.0012, Los: 0.01, Rg: 0.00, Cen: 0.09, Ani: 0.00, Fit: 0.0113
Step:   54, T: 0.118E-06, 1037/7754, Succ: 477, Eval: 493456, CPU: 00:00:13
 Rf: 0.0011, Los: 0.01, Rg: 0.00, Cen: 0.06, Ani: 0.00, Fit: 0.0112
Step:   55, T: 0.106E-06, 1043/7754, Succ: 398, Eval: 513456, CPU: 00:00:14
 Rf: 0.0013, Los: 0.01, Rg: 0.00, Cen: 0.01, Ani: 0.00, Fit: 0.0111
Step:   56, T: 0.955E-07, 1048/7754, Succ: 309, Eval: 533456, CPU: 00:00:14
 Rf: 0.0011, Los: 0.01, Rg: 0.00, Cen: 0.02, Ani: 0.00, Fit: 0.0109
Step:   57, T: 0.859E-07, 1047/7754, Succ: 173, Eval: 553456, CPU: 00:00:15
 Rf: 0.0011, Los: 0.01, Rg: 0.00, Cen: 0.04, Ani: 0.00, Fit: 0.0109
Step:   58, T: 0.773E-07, 1044/7754, Succ: 133, Eval: 573456, CPU: 00:00:15
 Rf: 0.0010, Los: 0.01, Rg: 0.00, Cen: 0.03, Ani: 0.00, Fit: 0.0109
Step:   59, T: 0.696E-07, 1053/7754, Succ: 95, Eval: 593456, CPU: 00:00:16
 Rf: 0.0013, Los: 0.01, Rg: 0.00, Cen: 0.03, Ani: 0.00, Fit: 0.0108
Step:   60, T: 0.626E-07, 1052/7754, Succ: 71, Eval: 613456, CPU: 00:00:16
 Rf: 0.0012, Los: 0.01, Rg: 0.00, Cen: 0.04, Ani: 0.00, Fit: 0.0108
Step:   61, T: 0.564E-07, 1055/7754, Succ: 39, Eval: 633456, CPU: 00:00:17
 Rf: 0.0013, Los: 0.01, Rg: 0.00, Cen: 0.02, Ani: 0.00, Fit: 0.0108
Step:   62, T: 0.507E-07, 1054/7754, Succ: 61, Eval: 653456, CPU: 00:00:18
 Rf: 0.0012, Los: 0.01, Rg: 0.00, Cen: 0.00, Ani: 0.00, Fit: 0.0107
Step:   63, T: 0.457E-07, 1057/7754, Succ: 23, Eval: 673456, CPU: 00:00:18
 Rf: 0.0013, Los: 0.01, Rg: 0.00, Cen: 0.01, Ani: 0.00, Fit: 0.0107
Step:   64, T: 0.411E-07, 1057/7754, Succ: 2, Eval: 693456, CPU: 00:00:19
 Rf: 0.0013, Los: 0.01, Rg: 0.00, Cen: 0.01, Ani: 0.00, Fit: 0.0107
Annealing procedure status ....................... : cooled down
Probability that the model fits the data ......... : 0.807
Preparing output files ........................... : pdb, fit, fir
Log closed ....................................... : 30-Mar-2020, 11:47:58
