dammif ........................................... : r10552
Log opened ....................................... : 30-Mar-2020, 11:44:49
Run as:
Full command line ................................ : /usr/bin/dammif --quiet --mode=Fast --prefix=BSA_20fast_03 --unit=Unknown --symmetry=P1 --anisometry=Unknown --omit-solvent BSA_20fast.out
Configuration mode ............................... : fast
Angular units .................................... : unknown
Prefix ........................................... : BSA_20fast_03
Omit output of solvent ........................... : yes
GNOM input file .................................. : BSA_20fast.out
Expected particle anisometry ..................... : unknown
Enforced particle symmetry ....................... : p1
Pseudo-chains in PDB output ...................... : no
GNOM file:
Title ............................................ :
Angular units .................................... : angstrom
Maximum particle diameter [Angstrom] ............. : 94.0
Radius of gyration [Angstrom] .................... : 28.4
Minimum s [1/Angstrom] ........................... : 0.00
Maximum s [1/Angstrom] ........................... : 0.283
Configured as:
Shape class ...................................... : compact
Approx. shape dimension (ri) ..................... : 0.00
Approx. shape dimension (ro) ..................... : 36.6
Approx. shape dimension (h) ...................... : 0.00
Dummy atom radius ................................ : 2.60
Number of spherical harmonics .................... : 15
Proportion of the curve to be fitted ............. : 1.00
Maximum s [1/Angstrom] ........................... : 0.283
Number of shannon channels ....................... : 9
Number of supporting points in spline approx. .... : 9
Probability that the spline approx. fits the data  : 0.917E-01
Weighting function ............................... : emphasised porod
Initial random seed .............................. : 5138054677128509088
Maximum number of steps .......................... : 200
Maximum number of iterations ..................... : 20000
Minumum number of successes ...................... : 20
Maximum number of successes ...................... : 2000
Temperature scheduling factor .................... : 0.900
Rg penalty weight ................................ : 0.100E-02
Center penalty weight ............................ : 0.100E-04
Looseness penalty weight ......................... : 0.100E-01
Anisometry penalty weight ........................ : 0.00
Constant subtraction ............................. : skipped (unable to determine constant)
Annealing procedure status ....................... : warming up
Initial Rg penalty ............................... : 0.142E-01
Initial Center penalty ........................... : 0.114E-14
Initial Looseness penalty ........................ : 0.658E-02
Annealing procedure status ....................... : started
Step:    1, T: 0.314E-04, 1331/4557, Succ: 2000, Eval: 3741, CPU: 00:00:00
 Rf: 0.1246, Los: 0.09, Rg: 0.05, Cen: 0.63, Ani: 0.00, Fit: 0.1285
Step:    2, T: 0.282E-04, 1183/5100, Succ: 2000, Eval: 7914, CPU: 00:00:00
 Rf: 0.1105, Los: 0.12, Rg: 0.01, Cen: 1.24, Ani: 0.00, Fit: 0.1160
Step:    3, T: 0.254E-04, 1097/5635, Succ: 2000, Eval: 12996, CPU: 00:00:01
 Rf: 0.0945, Los: 0.13, Rg: 0.03, Cen: 2.66, Ani: 0.00, Fit: 0.1014
Step:    4, T: 0.229E-04, 1057/6127, Succ: 2000, Eval: 18738, CPU: 00:00:01
 Rf: 0.0838, Los: 0.13, Rg: 0.13, Cen: 2.84, Ani: 0.00, Fit: 0.0922
Step:    5, T: 0.206E-04, 953/6415, Succ: 2000, Eval: 24409, CPU: 00:00:01
 Rf: 0.0644, Los: 0.14, Rg: 0.09, Cen: 3.11, Ani: 0.00, Fit: 0.0751
Step:    6, T: 0.185E-04, 937/6553, Succ: 2000, Eval: 29802, CPU: 00:00:02
 Rf: 0.0559, Los: 0.13, Rg: 0.04, Cen: 2.69, Ani: 0.00, Fit: 0.0667
Step:    7, T: 0.167E-04, 901/6700, Succ: 2000, Eval: 35175, CPU: 00:00:02
 Rf: 0.0473, Los: 0.12, Rg: 0.04, Cen: 3.27, Ani: 0.00, Fit: 0.0597
Step:    8, T: 0.150E-04, 875/6822, Succ: 2000, Eval: 40344, CPU: 00:00:02
 Rf: 0.0437, Los: 0.12, Rg: 0.04, Cen: 2.71, Ani: 0.00, Fit: 0.0564
Step:    9, T: 0.135E-04, 843/6933, Succ: 2000, Eval: 45394, CPU: 00:00:02
 Rf: 0.0405, Los: 0.11, Rg: 0.04, Cen: 1.01, Ani: 0.00, Fit: 0.0532
Step:   10, T: 0.122E-04, 835/7004, Succ: 2000, Eval: 50314, CPU: 00:00:03
 Rf: 0.0358, Los: 0.11, Rg: 0.02, Cen: 1.35, Ani: 0.00, Fit: 0.0495
Step:   11, T: 0.109E-04, 819/7088, Succ: 2000, Eval: 54983, CPU: 00:00:03
 Rf: 0.0296, Los: 0.12, Rg: 0.00, Cen: 1.64, Ani: 0.00, Fit: 0.0455
Step:   12, T: 0.984E-05, 865/7162, Succ: 2000, Eval: 60117, CPU: 00:00:03
 Rf: 0.0304, Los: 0.10, Rg: 0.00, Cen: 0.77, Ani: 0.00, Fit: 0.0439
Step:   13, T: 0.886E-05, 849/7231, Succ: 2000, Eval: 65241, CPU: 00:00:03
 Rf: 0.0254, Los: 0.10, Rg: 0.01, Cen: 0.96, Ani: 0.00, Fit: 0.0413
Step:   14, T: 0.797E-05, 793/7280, Succ: 2000, Eval: 70313, CPU: 00:00:03
 Rf: 0.0221, Los: 0.11, Rg: 0.00, Cen: 1.58, Ani: 0.00, Fit: 0.0399
Step:   15, T: 0.718E-05, 787/7348, Succ: 2000, Eval: 75418, CPU: 00:00:04
 Rf: 0.0206, Los: 0.11, Rg: 0.00, Cen: 0.91, Ani: 0.00, Fit: 0.0392
Step:   16, T: 0.646E-05, 783/7398, Succ: 2000, Eval: 80497, CPU: 00:00:04
 Rf: 0.0163, Los: 0.09, Rg: 0.00, Cen: 1.32, Ani: 0.00, Fit: 0.0347
Step:   17, T: 0.581E-05, 821/7417, Succ: 2000, Eval: 85422, CPU: 00:00:04
 Rf: 0.0160, Los: 0.08, Rg: 0.00, Cen: 0.40, Ani: 0.00, Fit: 0.0330
Step:   18, T: 0.523E-05, 819/7443, Succ: 2000, Eval: 90291, CPU: 00:00:04
 Rf: 0.0186, Los: 0.09, Rg: 0.00, Cen: 2.10, Ani: 0.00, Fit: 0.0350
Step:   19, T: 0.471E-05, 797/7498, Succ: 2000, Eval: 95452, CPU: 00:00:04
 Rf: 0.0110, Los: 0.08, Rg: 0.00, Cen: 1.98, Ani: 0.00, Fit: 0.0309
Step:   20, T: 0.424E-05, 831/7520, Succ: 2000, Eval: 100351, CPU: 00:00:04
 Rf: 0.0117, Los: 0.07, Rg: 0.00, Cen: 2.38, Ani: 0.00, Fit: 0.0298
Step:   21, T: 0.381E-05, 829/7556, Succ: 2000, Eval: 105465, CPU: 00:00:05
 Rf: 0.0119, Los: 0.07, Rg: 0.00, Cen: 1.62, Ani: 0.00, Fit: 0.0301
Step:   22, T: 0.343E-05, 809/7575, Succ: 2000, Eval: 110722, CPU: 00:00:05
 Rf: 0.0102, Los: 0.07, Rg: 0.00, Cen: 1.90, Ani: 0.00, Fit: 0.0288
Step:   23, T: 0.309E-05, 785/7612, Succ: 2000, Eval: 116315, CPU: 00:00:05
 Rf: 0.0085, Los: 0.07, Rg: 0.00, Cen: 1.27, Ani: 0.00, Fit: 0.0280
Step:   24, T: 0.278E-05, 813/7627, Succ: 2000, Eval: 121561, CPU: 00:00:05
 Rf: 0.0064, Los: 0.06, Rg: 0.00, Cen: 0.30, Ani: 0.00, Fit: 0.0256
Step:   25, T: 0.250E-05, 821/7657, Succ: 2000, Eval: 127091, CPU: 00:00:05
 Rf: 0.0073, Los: 0.06, Rg: 0.00, Cen: 0.57, Ani: 0.00, Fit: 0.0250
Step:   26, T: 0.225E-05, 829/7670, Succ: 2000, Eval: 132513, CPU: 00:00:05
 Rf: 0.0046, Los: 0.05, Rg: 0.00, Cen: 0.38, Ani: 0.00, Fit: 0.0230
Step:   27, T: 0.203E-05, 817/7691, Succ: 2000, Eval: 138350, CPU: 00:00:05
 Rf: 0.0061, Los: 0.05, Rg: 0.00, Cen: 1.25, Ani: 0.00, Fit: 0.0243
Step:   28, T: 0.182E-05, 825/7705, Succ: 2000, Eval: 144402, CPU: 00:00:06
 Rf: 0.0059, Los: 0.05, Rg: 0.00, Cen: 0.47, Ani: 0.00, Fit: 0.0229
Step:   29, T: 0.164E-05, 837/7711, Succ: 2000, Eval: 150498, CPU: 00:00:06
 Rf: 0.0061, Los: 0.05, Rg: 0.00, Cen: 0.33, Ani: 0.00, Fit: 0.0229
Step:   30, T: 0.148E-05, 829/7718, Succ: 2000, Eval: 157036, CPU: 00:00:06
 Rf: 0.0051, Los: 0.04, Rg: 0.00, Cen: 0.28, Ani: 0.00, Fit: 0.0217
Step:   31, T: 0.133E-05, 847/7726, Succ: 2000, Eval: 163597, CPU: 00:00:06
 Rf: 0.0042, Los: 0.04, Rg: 0.00, Cen: 0.21, Ani: 0.00, Fit: 0.0212
Step:   32, T: 0.120E-05, 893/7731, Succ: 2000, Eval: 170517, CPU: 00:00:06
 Rf: 0.0046, Los: 0.04, Rg: 0.00, Cen: 0.32, Ani: 0.00, Fit: 0.0197
Step:   33, T: 0.108E-05, 869/7733, Succ: 2000, Eval: 177531, CPU: 00:00:06
 Rf: 0.0030, Los: 0.04, Rg: 0.00, Cen: 0.30, Ani: 0.00, Fit: 0.0190
Step:   34, T: 0.969E-06, 879/7733, Succ: 2000, Eval: 185121, CPU: 00:00:06
 Rf: 0.0030, Los: 0.03, Rg: 0.00, Cen: 0.20, Ani: 0.00, Fit: 0.0186
Step:   35, T: 0.873E-06, 903/7735, Succ: 2000, Eval: 192836, CPU: 00:00:07
 Rf: 0.0020, Los: 0.03, Rg: 0.00, Cen: 0.16, Ani: 0.00, Fit: 0.0174
Step:   36, T: 0.785E-06, 893/7735, Succ: 2000, Eval: 201642, CPU: 00:00:07
 Rf: 0.0023, Los: 0.03, Rg: 0.00, Cen: 0.04, Ani: 0.00, Fit: 0.0174
Step:   37, T: 0.707E-06, 913/7738, Succ: 2000, Eval: 210591, CPU: 00:00:07
 Rf: 0.0028, Los: 0.03, Rg: 0.00, Cen: 0.25, Ani: 0.00, Fit: 0.0172
Step:   38, T: 0.636E-06, 917/7738, Succ: 2000, Eval: 220404, CPU: 00:00:07
 Rf: 0.0021, Los: 0.03, Rg: 0.00, Cen: 0.33, Ani: 0.00, Fit: 0.0162
Step:   39, T: 0.572E-06, 925/7738, Succ: 2000, Eval: 231013, CPU: 00:00:07
 Rf: 0.0017, Los: 0.02, Rg: 0.00, Cen: 0.07, Ani: 0.00, Fit: 0.0156
Step:   40, T: 0.515E-06, 951/7740, Succ: 2000, Eval: 242048, CPU: 00:00:08
 Rf: 0.0027, Los: 0.02, Rg: 0.00, Cen: 0.01, Ani: 0.00, Fit: 0.0153
Step:   41, T: 0.464E-06, 943/7741, Succ: 2000, Eval: 254017, CPU: 00:00:08
 Rf: 0.0019, Los: 0.02, Rg: 0.00, Cen: 0.22, Ani: 0.00, Fit: 0.0151
Step:   42, T: 0.417E-06, 951/7741, Succ: 2000, Eval: 267729, CPU: 00:00:08
 Rf: 0.0026, Los: 0.02, Rg: 0.00, Cen: 0.08, Ani: 0.00, Fit: 0.0147
Step:   43, T: 0.376E-06, 971/7745, Succ: 2000, Eval: 282829, CPU: 00:00:09
 Rf: 0.0016, Los: 0.02, Rg: 0.00, Cen: 0.19, Ani: 0.00, Fit: 0.0143
Step:   44, T: 0.338E-06, 957/7748, Succ: 2000, Eval: 300170, CPU: 00:00:09
 Rf: 0.0014, Los: 0.02, Rg: 0.00, Cen: 0.05, Ani: 0.00, Fit: 0.0142
Step:   45, T: 0.304E-06, 979/7749, Succ: 2000, Eval: 318831, CPU: 00:00:09
 Rf: 0.0014, Los: 0.02, Rg: 0.00, Cen: 0.08, Ani: 0.00, Fit: 0.0134
Step:   46, T: 0.274E-06, 983/7749, Succ: 1956, Eval: 338831, CPU: 00:00:10
 Rf: 0.0010, Los: 0.02, Rg: 0.00, Cen: 0.08, Ani: 0.00, Fit: 0.0131
Step:   47, T: 0.246E-06, 1000/7749, Succ: 1741, Eval: 358831, CPU: 00:00:10
 Rf: 0.0016, Los: 0.02, Rg: 0.00, Cen: 0.02, Ani: 0.00, Fit: 0.0126
Step:   48, T: 0.222E-06, 1003/7749, Succ: 1485, Eval: 378831, CPU: 00:00:11
 Rf: 0.0012, Los: 0.02, Rg: 0.00, Cen: 0.06, Ani: 0.00, Fit: 0.0124
Step:   49, T: 0.200E-06, 999/7752, Succ: 1326, Eval: 398831, CPU: 00:00:11
 Rf: 0.0010, Los: 0.02, Rg: 0.00, Cen: 0.03, Ani: 0.00, Fit: 0.0126
Step:   50, T: 0.180E-06, 1015/7752, Succ: 964, Eval: 418831, CPU: 00:00:12
 Rf: 0.0011, Los: 0.01, Rg: 0.00, Cen: 0.05, Ani: 0.00, Fit: 0.0120
Step:   51, T: 0.162E-06, 1013/7752, Succ: 834, Eval: 438831, CPU: 00:00:12
 Rf: 0.0012, Los: 0.01, Rg: 0.00, Cen: 0.05, Ani: 0.00, Fit: 0.0119
Step:   52, T: 0.146E-06, 1016/7753, Succ: 787, Eval: 458831, CPU: 00:00:13
 Rf: 0.0014, Los: 0.01, Rg: 0.00, Cen: 0.09, Ani: 0.00, Fit: 0.0120
Step:   53, T: 0.131E-06, 1028/7754, Succ: 614, Eval: 478831, CPU: 00:00:14
 Rf: 0.0011, Los: 0.01, Rg: 0.00, Cen: 0.02, Ani: 0.00, Fit: 0.0116
Step:   54, T: 0.118E-06, 1028/7754, Succ: 484, Eval: 498831, CPU: 00:00:14
 Rf: 0.0013, Los: 0.01, Rg: 0.00, Cen: 0.01, Ani: 0.00, Fit: 0.0113
Step:   55, T: 0.106E-06, 1036/7754, Succ: 332, Eval: 518831, CPU: 00:00:15
 Rf: 0.0010, Los: 0.01, Rg: 0.00, Cen: 0.04, Ani: 0.00, Fit: 0.0111
Step:   56, T: 0.955E-07, 1042/7754, Succ: 312, Eval: 538831, CPU: 00:00:15
 Rf: 0.0014, Los: 0.01, Rg: 0.00, Cen: 0.01, Ani: 0.00, Fit: 0.0111
Step:   57, T: 0.859E-07, 1039/7754, Succ: 205, Eval: 558831, CPU: 00:00:16
 Rf: 0.0013, Los: 0.01, Rg: 0.00, Cen: 0.05, Ani: 0.00, Fit: 0.0111
Step:   58, T: 0.773E-07, 1039/7754, Succ: 162, Eval: 578831, CPU: 00:00:16
 Rf: 0.0012, Los: 0.01, Rg: 0.00, Cen: 0.03, Ani: 0.00, Fit: 0.0111
Step:   59, T: 0.696E-07, 1041/7754, Succ: 104, Eval: 598831, CPU: 00:00:17
 Rf: 0.0012, Los: 0.01, Rg: 0.00, Cen: 0.01, Ani: 0.00, Fit: 0.0111
Step:   60, T: 0.626E-07, 1046/7754, Succ: 59, Eval: 618831, CPU: 00:00:17
 Rf: 0.0013, Los: 0.01, Rg: 0.00, Cen: 0.01, Ani: 0.00, Fit: 0.0110
Step:   61, T: 0.564E-07, 1043/7754, Succ: 57, Eval: 638831, CPU: 00:00:18
 Rf: 0.0011, Los: 0.01, Rg: 0.00, Cen: 0.01, Ani: 0.00, Fit: 0.0110
Step:   62, T: 0.507E-07, 1045/7754, Succ: 20, Eval: 658831, CPU: 00:00:18
 Rf: 0.0012, Los: 0.01, Rg: 0.00, Cen: 0.02, Ani: 0.00, Fit: 0.0111
Step:   63, T: 0.457E-07, 1046/7754, Succ: 27, Eval: 678831, CPU: 00:00:19
 Rf: 0.0012, Los: 0.01, Rg: 0.00, Cen: 0.02, Ani: 0.00, Fit: 0.0110
Step:   64, T: 0.411E-07, 1046/7754, Succ: 12, Eval: 698831, CPU: 00:00:19
 Rf: 0.0012, Los: 0.01, Rg: 0.00, Cen: 0.02, Ani: 0.00, Fit: 0.0110
Annealing procedure status ....................... : cooled down
Probability that the model fits the data ......... : 0.807
Preparing output files ........................... : pdb, fit, fir
Log closed ....................................... : 30-Mar-2020, 11:45:10
