
    ---  CREATED BY DAMSEL     5.0 (r10552) ---
    ------------------------------------------
      CROSS-CORRELATION nsd TABLE BY SUPCOMB  
    ------------------------------------------

Input files:
    1  BSA_20fast_01-1.pdb
    2  BSA_20fast_02-1.pdb
    3  BSA_20fast_03-1.pdb
    4  BSA_20fast_04-1.pdb
    5  BSA_20fast_05-1.pdb
    6  BSA_20fast_06-1.pdb
    7  BSA_20fast_07-1.pdb
    8  BSA_20fast_08-1.pdb
    9  BSA_20fast_09-1.pdb
   10  BSA_20fast_10-1.pdb
   11  BSA_20fast_11-1.pdb
   12  BSA_20fast_12-1.pdb
   13  BSA_20fast_13-1.pdb
   14  BSA_20fast_14-1.pdb
   15  BSA_20fast_15-1.pdb
   16  BSA_20fast_16-1.pdb
   17  BSA_20fast_17-1.pdb
   18  BSA_20fast_18-1.pdb
   19  BSA_20fast_19-1.pdb
   20  BSA_20fast_20-1.pdb

SASRES resolution computation:  

   Ensemble Resolution =    39 +-  3 Angstrom
   If you use SASRES resolution estimate in your own publication, 
please cite: A.T. Tuukkanen, G.J. Kleywegt and D.I. Svergun (2016) Resolution of 
ab initio shapes determined from small-angle scattering IUCrJ 3, 440-447.

  File Aver      1      2      3      4      5      6      7      8      9     10     11     12     13     14     15     16     17     18     19     20
     1   0.82   0.00   0.77   0.96   0.88   0.91   0.73   0.86   0.83   0.93   0.71   0.75   0.73   0.89   0.75   0.79   0.87   0.82   0.77   0.79   0.93
     2   0.82   0.77   0.00   0.92   0.83   0.94   0.75   0.75   0.85   0.88   0.79   0.71   0.78   0.89   0.85   0.80   0.87   0.83   0.78   0.84   0.72
     3   0.87   0.96   0.92   0.00   0.85   0.83   0.80   0.82   0.99   0.73   0.94   0.86   0.90   0.82   0.90   0.85   0.93   0.86   0.81   0.73   0.99
     4   0.85   0.88   0.83   0.85   0.00   0.84   0.86   0.76   0.78   0.86   0.82   0.80   0.91   0.82   0.81   0.95   0.89   0.84   0.80   0.91   0.83
     5   0.85   0.91   0.94   0.83   0.84   0.00   0.78   0.83   0.86   0.76   0.86   0.82   0.91   0.84   0.80   0.85   0.88   0.77   0.81   0.80   1.06
     6   0.77   0.73   0.75   0.80   0.86   0.78   0.00   0.81   0.76   0.78   0.69   0.74   0.73   0.74   0.71   0.79   0.81   0.74   0.73   0.69   0.88
     7   0.80   0.86   0.75   0.82   0.76   0.83   0.81   0.00   0.78   0.79   0.72   0.74   0.79   0.84   0.83   0.76   0.84   0.70   0.86   0.78   0.86
     8   0.82   0.83   0.85   0.99   0.78   0.86   0.76   0.78   0.00   0.82   0.77   0.76   0.79   0.87   0.86   0.87   0.79   0.79   0.78   0.80   0.92
     9   0.82   0.93   0.88   0.73   0.86   0.76   0.78   0.79   0.82   0.00   0.88   0.80   0.83   0.81   0.75   0.79   0.88   0.84   0.78   0.79   0.91
    10   0.79   0.71   0.79   0.94   0.82   0.86   0.69   0.72   0.77   0.88   0.00   0.76   0.72   0.77   0.73   0.80   0.88   0.81   0.76   0.80   0.89
    11   0.78   0.75   0.71   0.86   0.80   0.82   0.74   0.74   0.76   0.80   0.76   0.00   0.67   0.84   0.81   0.75   0.77   0.82   0.73   0.77   0.90
    12   0.80   0.73   0.78   0.90   0.91   0.91   0.73   0.79   0.79   0.83   0.72   0.67   0.00   0.81   0.72   0.80   0.85   0.83   0.79   0.75   0.90
    13   0.83   0.89   0.89   0.82   0.82   0.84   0.74   0.84   0.87   0.81   0.77   0.84   0.81   0.00   0.86   0.87   0.85   0.77   0.78   0.73   0.95
    14   0.79   0.75   0.85   0.90   0.81   0.80   0.71   0.83   0.86   0.75   0.73   0.81   0.72   0.86   0.00   0.75   0.72   0.74   0.60   0.83   0.92
    15   0.83   0.79   0.80   0.85   0.95   0.85   0.79   0.76   0.87   0.79   0.80   0.75   0.80   0.87   0.75   0.00   0.91   0.81   0.87   0.76   0.94
    16   0.84   0.87   0.87   0.93   0.89   0.88   0.81   0.84   0.79   0.88   0.88   0.77   0.85   0.85   0.72   0.91   0.00   0.81   0.72   0.90   0.72
    17   0.80   0.82   0.83   0.86   0.84   0.77   0.74   0.70   0.79   0.84   0.81   0.82   0.83   0.77   0.74   0.81   0.81   0.00   0.72   0.82   0.87
    18   0.78   0.77   0.78   0.81   0.80   0.81   0.73   0.86   0.78   0.78   0.76   0.73   0.79   0.78   0.60   0.87   0.72   0.72   0.00   0.80   0.93
    19   0.80   0.79   0.84   0.73   0.91   0.80   0.69   0.78   0.80   0.79   0.80   0.77   0.75   0.73   0.83   0.76   0.90   0.82   0.80   0.00   0.90
    20   0.90   0.93   0.72   0.99   0.83   1.06   0.88   0.86   0.92   0.91   0.89   0.90   0.90   0.95   0.92   0.94   0.72   0.87   0.93   0.90   0.00
  Aver   0.82   0.82   0.82   0.87   0.85   0.85   0.77   0.80   0.82   0.82   0.79   0.78   0.80   0.83   0.79   0.83   0.84   0.80   0.78   0.80   0.90

Mean value of NSD         :      0.817
Standard deviation of NSD :      0.032

It is recommend to discard files with nsd > Mean + 2*Standard deviation
 Recommendation       NSD  File
        Include     0.765  BSA_20fast_06-1.pdb
        Include     0.779  BSA_20fast_11-1.pdb
        Include     0.780  BSA_20fast_18-1.pdb
        Include     0.786  BSA_20fast_14-1.pdb
        Include     0.795  BSA_20fast_10-1.pdb
        Include     0.797  BSA_20fast_07-1.pdb
        Include     0.800  BSA_20fast_17-1.pdb
        Include     0.800  BSA_20fast_19-1.pdb
        Include     0.801  BSA_20fast_12-1.pdb
        Include     0.819  BSA_20fast_02-1.pdb
        Include     0.822  BSA_20fast_09-1.pdb
        Include     0.823  BSA_20fast_01-1.pdb
        Include     0.825  BSA_20fast_08-1.pdb
        Include     0.827  BSA_20fast_15-1.pdb
        Include     0.830  BSA_20fast_13-1.pdb
        Include     0.837  BSA_20fast_16-1.pdb
        Include     0.845  BSA_20fast_04-1.pdb
        Include     0.849  BSA_20fast_05-1.pdb
        Include     0.868  BSA_20fast_03-1.pdb
        Discard     0.896  BSA_20fast_20-1.pdb
