dammif ........................................... : r10552
Log opened ....................................... : 30-Mar-2020, 11:49:47
Run as:
Full command line ................................ : /usr/bin/dammif --quiet --mode=Fast --prefix=BSA_20fast_16 --unit=Unknown --symmetry=P1 --anisometry=Unknown --omit-solvent BSA_20fast.out
Configuration mode ............................... : fast
Angular units .................................... : unknown
Prefix ........................................... : BSA_20fast_16
Omit output of solvent ........................... : yes
GNOM input file .................................. : BSA_20fast.out
Expected particle anisometry ..................... : unknown
Enforced particle symmetry ....................... : p1
Pseudo-chains in PDB output ...................... : no
GNOM file:
Title ............................................ :
Angular units .................................... : angstrom
Maximum particle diameter [Angstrom] ............. : 94.0
Radius of gyration [Angstrom] .................... : 28.4
Minimum s [1/Angstrom] ........................... : 0.00
Maximum s [1/Angstrom] ........................... : 0.283
Configured as:
Shape class ...................................... : compact
Approx. shape dimension (ri) ..................... : 0.00
Approx. shape dimension (ro) ..................... : 36.6
Approx. shape dimension (h) ...................... : 0.00
Dummy atom radius ................................ : 2.60
Number of spherical harmonics .................... : 15
Proportion of the curve to be fitted ............. : 1.00
Maximum s [1/Angstrom] ........................... : 0.283
Number of shannon channels ....................... : 9
Number of supporting points in spline approx. .... : 9
Probability that the spline approx. fits the data  : 0.917E-01
Weighting function ............................... : emphasised porod
Initial random seed .............................. : 5157637265498536109
Maximum number of steps .......................... : 200
Maximum number of iterations ..................... : 20000
Minumum number of successes ...................... : 20
Maximum number of successes ...................... : 2000
Temperature scheduling factor .................... : 0.900
Rg penalty weight ................................ : 0.100E-02
Center penalty weight ............................ : 0.100E-04
Looseness penalty weight ......................... : 0.100E-01
Anisometry penalty weight ........................ : 0.00
Constant subtraction ............................. : skipped (unable to determine constant)
Annealing procedure status ....................... : warming up
Initial Rg penalty ............................... : 0.142E-01
Initial Center penalty ........................... : 0.114E-14
Initial Looseness penalty ........................ : 0.658E-02
Annealing procedure status ....................... : started
Step:    1, T: 0.313E-04, 1375/4546, Succ: 2000, Eval: 3763, CPU: 00:00:00
 Rf: 0.1279, Los: 0.08, Rg: 0.02, Cen: 1.10, Ani: 0.00, Fit: 0.1313
Step:    2, T: 0.282E-04, 1163/5248, Succ: 2000, Eval: 7951, CPU: 00:00:00
 Rf: 0.1088, Los: 0.13, Rg: 0.02, Cen: 1.27, Ani: 0.00, Fit: 0.1146
Step:    3, T: 0.254E-04, 1069/5746, Succ: 2000, Eval: 12988, CPU: 00:00:01
 Rf: 0.0858, Los: 0.12, Rg: 0.22, Cen: 1.41, Ani: 0.00, Fit: 0.0938
Step:    4, T: 0.228E-04, 1015/5939, Succ: 2000, Eval: 17907, CPU: 00:00:01
 Rf: 0.0686, Los: 0.12, Rg: 0.05, Cen: 0.91, Ani: 0.00, Fit: 0.0775
Step:    5, T: 0.205E-04, 947/6069, Succ: 2000, Eval: 22819, CPU: 00:00:01
 Rf: 0.0602, Los: 0.12, Rg: 0.04, Cen: 1.04, Ani: 0.00, Fit: 0.0696
Step:    6, T: 0.185E-04, 921/6208, Succ: 2000, Eval: 27652, CPU: 00:00:01
 Rf: 0.0508, Los: 0.12, Rg: 0.04, Cen: 1.64, Ani: 0.00, Fit: 0.0617
Step:    7, T: 0.166E-04, 879/6296, Succ: 2000, Eval: 32500, CPU: 00:00:02
 Rf: 0.0434, Los: 0.12, Rg: 0.03, Cen: 1.47, Ani: 0.00, Fit: 0.0557
Step:    8, T: 0.150E-04, 851/6369, Succ: 2000, Eval: 37286, CPU: 00:00:02
 Rf: 0.0434, Los: 0.12, Rg: 0.01, Cen: 1.38, Ani: 0.00, Fit: 0.0559
Step:    9, T: 0.135E-04, 879/6468, Succ: 2000, Eval: 42111, CPU: 00:00:02
 Rf: 0.0391, Los: 0.11, Rg: 0.01, Cen: 1.44, Ani: 0.00, Fit: 0.0513
Step:   10, T: 0.121E-04, 805/6617, Succ: 2000, Eval: 47223, CPU: 00:00:02
 Rf: 0.0328, Los: 0.12, Rg: 0.01, Cen: 1.89, Ani: 0.00, Fit: 0.0483
Step:   11, T: 0.109E-04, 777/6676, Succ: 2000, Eval: 51889, CPU: 00:00:02
 Rf: 0.0260, Los: 0.11, Rg: 0.00, Cen: 3.27, Ani: 0.00, Fit: 0.0431
Step:   12, T: 0.982E-05, 841/6734, Succ: 2000, Eval: 56781, CPU: 00:00:02
 Rf: 0.0314, Los: 0.11, Rg: 0.00, Cen: 3.33, Ani: 0.00, Fit: 0.0456
Step:   13, T: 0.884E-05, 837/6803, Succ: 2000, Eval: 61767, CPU: 00:00:03
 Rf: 0.0244, Los: 0.11, Rg: 0.00, Cen: 3.32, Ani: 0.00, Fit: 0.0411
Step:   14, T: 0.796E-05, 829/6869, Succ: 2000, Eval: 66570, CPU: 00:00:03
 Rf: 0.0250, Los: 0.10, Rg: 0.01, Cen: 3.45, Ani: 0.00, Fit: 0.0409
Step:   15, T: 0.716E-05, 801/6951, Succ: 2000, Eval: 71439, CPU: 00:00:03
 Rf: 0.0179, Los: 0.10, Rg: 0.00, Cen: 5.51, Ani: 0.00, Fit: 0.0367
Step:   16, T: 0.645E-05, 797/7038, Succ: 2000, Eval: 76512, CPU: 00:00:03
 Rf: 0.0170, Los: 0.09, Rg: 0.00, Cen: 6.37, Ani: 0.00, Fit: 0.0355
Step:   17, T: 0.580E-05, 805/7115, Succ: 2000, Eval: 81568, CPU: 00:00:03
 Rf: 0.0196, Los: 0.10, Rg: 0.01, Cen: 4.77, Ani: 0.00, Fit: 0.0376
Step:   18, T: 0.522E-05, 815/7178, Succ: 2000, Eval: 86879, CPU: 00:00:04
 Rf: 0.0165, Los: 0.09, Rg: 0.00, Cen: 2.88, Ani: 0.00, Fit: 0.0344
Step:   19, T: 0.470E-05, 801/7230, Succ: 2000, Eval: 91965, CPU: 00:00:04
 Rf: 0.0128, Los: 0.08, Rg: 0.00, Cen: 3.42, Ani: 0.00, Fit: 0.0324
Step:   20, T: 0.423E-05, 815/7322, Succ: 2000, Eval: 97227, CPU: 00:00:04
 Rf: 0.0131, Los: 0.08, Rg: 0.00, Cen: 2.83, Ani: 0.00, Fit: 0.0318
Step:   21, T: 0.381E-05, 823/7361, Succ: 2000, Eval: 102701, CPU: 00:00:04
 Rf: 0.0095, Los: 0.07, Rg: 0.00, Cen: 2.16, Ani: 0.00, Fit: 0.0281
Step:   22, T: 0.343E-05, 847/7404, Succ: 2000, Eval: 107943, CPU: 00:00:04
 Rf: 0.0119, Los: 0.07, Rg: 0.00, Cen: 1.85, Ani: 0.00, Fit: 0.0287
Step:   23, T: 0.308E-05, 815/7434, Succ: 2000, Eval: 113286, CPU: 00:00:04
 Rf: 0.0080, Los: 0.07, Rg: 0.00, Cen: 0.52, Ani: 0.00, Fit: 0.0272
Step:   24, T: 0.277E-05, 815/7457, Succ: 2000, Eval: 118604, CPU: 00:00:04
 Rf: 0.0065, Los: 0.06, Rg: 0.00, Cen: 1.39, Ani: 0.00, Fit: 0.0257
Step:   25, T: 0.250E-05, 813/7494, Succ: 2000, Eval: 124017, CPU: 00:00:05
 Rf: 0.0077, Los: 0.06, Rg: 0.00, Cen: 2.16, Ani: 0.00, Fit: 0.0258
Step:   26, T: 0.225E-05, 823/7504, Succ: 2000, Eval: 129771, CPU: 00:00:05
 Rf: 0.0062, Los: 0.06, Rg: 0.00, Cen: 0.60, Ani: 0.00, Fit: 0.0249
Step:   27, T: 0.202E-05, 813/7537, Succ: 2000, Eval: 135575, CPU: 00:00:05
 Rf: 0.0058, Los: 0.06, Rg: 0.00, Cen: 0.54, Ani: 0.00, Fit: 0.0245
Step:   28, T: 0.182E-05, 845/7553, Succ: 2000, Eval: 141821, CPU: 00:00:05
 Rf: 0.0053, Los: 0.05, Rg: 0.00, Cen: 1.88, Ani: 0.00, Fit: 0.0231
Step:   29, T: 0.164E-05, 847/7559, Succ: 2000, Eval: 148130, CPU: 00:00:05
 Rf: 0.0064, Los: 0.04, Rg: 0.00, Cen: 0.33, Ani: 0.00, Fit: 0.0220
Step:   30, T: 0.147E-05, 859/7562, Succ: 2000, Eval: 154753, CPU: 00:00:05
 Rf: 0.0052, Los: 0.04, Rg: 0.00, Cen: 0.83, Ani: 0.00, Fit: 0.0218
Step:   31, T: 0.133E-05, 853/7564, Succ: 2000, Eval: 161902, CPU: 00:00:06
 Rf: 0.0028, Los: 0.04, Rg: 0.00, Cen: 0.32, Ani: 0.00, Fit: 0.0203
Step:   32, T: 0.119E-05, 871/7571, Succ: 2000, Eval: 168784, CPU: 00:00:06
 Rf: 0.0052, Los: 0.04, Rg: 0.00, Cen: 0.21, Ani: 0.00, Fit: 0.0205
Step:   33, T: 0.107E-05, 875/7575, Succ: 2000, Eval: 176198, CPU: 00:00:06
 Rf: 0.0033, Los: 0.03, Rg: 0.00, Cen: 0.07, Ani: 0.00, Fit: 0.0189
Step:   34, T: 0.967E-06, 881/7578, Succ: 2000, Eval: 183731, CPU: 00:00:06
 Rf: 0.0029, Los: 0.03, Rg: 0.00, Cen: 0.16, Ani: 0.00, Fit: 0.0185
Step:   35, T: 0.871E-06, 899/7579, Succ: 2000, Eval: 191764, CPU: 00:00:07
 Rf: 0.0026, Los: 0.03, Rg: 0.00, Cen: 0.43, Ani: 0.00, Fit: 0.0182
Step:   36, T: 0.784E-06, 891/7580, Succ: 2000, Eval: 200871, CPU: 00:00:07
 Rf: 0.0016, Los: 0.03, Rg: 0.00, Cen: 0.60, Ani: 0.00, Fit: 0.0180
Step:   37, T: 0.705E-06, 905/7580, Succ: 2000, Eval: 210284, CPU: 00:00:07
 Rf: 0.0024, Los: 0.03, Rg: 0.00, Cen: 0.22, Ani: 0.00, Fit: 0.0171
Step:   38, T: 0.635E-06, 919/7581, Succ: 2000, Eval: 220355, CPU: 00:00:07
 Rf: 0.0020, Los: 0.03, Rg: 0.00, Cen: 0.13, Ani: 0.00, Fit: 0.0162
Step:   39, T: 0.571E-06, 925/7581, Succ: 2000, Eval: 231398, CPU: 00:00:08
 Rf: 0.0023, Los: 0.03, Rg: 0.00, Cen: 0.28, Ani: 0.00, Fit: 0.0162
Step:   40, T: 0.514E-06, 921/7586, Succ: 2000, Eval: 243230, CPU: 00:00:08
 Rf: 0.0022, Los: 0.02, Rg: 0.00, Cen: 0.17, Ani: 0.00, Fit: 0.0159
Step:   41, T: 0.463E-06, 945/7592, Succ: 2000, Eval: 255838, CPU: 00:00:08
 Rf: 0.0027, Los: 0.02, Rg: 0.00, Cen: 0.07, Ani: 0.00, Fit: 0.0149
Step:   42, T: 0.416E-06, 965/7593, Succ: 2000, Eval: 269697, CPU: 00:00:08
 Rf: 0.0022, Los: 0.02, Rg: 0.00, Cen: 0.19, Ani: 0.00, Fit: 0.0145
Step:   43, T: 0.375E-06, 955/7594, Succ: 2000, Eval: 284827, CPU: 00:00:09
 Rf: 0.0021, Los: 0.02, Rg: 0.00, Cen: 0.10, Ani: 0.00, Fit: 0.0143
Step:   44, T: 0.337E-06, 981/7594, Succ: 2000, Eval: 301547, CPU: 00:00:09
 Rf: 0.0015, Los: 0.02, Rg: 0.00, Cen: 0.10, Ani: 0.00, Fit: 0.0138
Step:   45, T: 0.304E-06, 981/7594, Succ: 2000, Eval: 319434, CPU: 00:00:10
 Rf: 0.0013, Los: 0.02, Rg: 0.00, Cen: 0.03, Ani: 0.00, Fit: 0.0136
Step:   46, T: 0.273E-06, 983/7598, Succ: 1942, Eval: 339434, CPU: 00:00:10
 Rf: 0.0009, Los: 0.02, Rg: 0.00, Cen: 0.02, Ani: 0.00, Fit: 0.0133
Step:   47, T: 0.246E-06, 996/7598, Succ: 1669, Eval: 359434, CPU: 00:00:11
 Rf: 0.0009, Los: 0.02, Rg: 0.00, Cen: 0.05, Ani: 0.00, Fit: 0.0130
Step:   48, T: 0.221E-06, 1005/7600, Succ: 1455, Eval: 379434, CPU: 00:00:12
 Rf: 0.0016, Los: 0.02, Rg: 0.00, Cen: 0.07, Ani: 0.00, Fit: 0.0127
Step:   49, T: 0.199E-06, 1011/7608, Succ: 1274, Eval: 399434, CPU: 00:00:12
 Rf: 0.0016, Los: 0.01, Rg: 0.00, Cen: 0.12, Ani: 0.00, Fit: 0.0124
Step:   50, T: 0.179E-06, 1016/7608, Succ: 1037, Eval: 419434, CPU: 00:00:13
 Rf: 0.0012, Los: 0.01, Rg: 0.00, Cen: 0.08, Ani: 0.00, Fit: 0.0120
Step:   51, T: 0.161E-06, 1011/7610, Succ: 869, Eval: 439434, CPU: 00:00:13
 Rf: 0.0010, Los: 0.01, Rg: 0.00, Cen: 0.08, Ani: 0.00, Fit: 0.0122
Step:   52, T: 0.145E-06, 1031/7614, Succ: 770, Eval: 459434, CPU: 00:00:14
 Rf: 0.0012, Los: 0.01, Rg: 0.00, Cen: 0.07, Ani: 0.00, Fit: 0.0117
Step:   53, T: 0.131E-06, 1039/7614, Succ: 602, Eval: 479434, CPU: 00:00:14
 Rf: 0.0013, Los: 0.01, Rg: 0.00, Cen: 0.04, Ani: 0.00, Fit: 0.0114
Step:   54, T: 0.118E-06, 1041/7614, Succ: 408, Eval: 499434, CPU: 00:00:15
 Rf: 0.0012, Los: 0.01, Rg: 0.00, Cen: 0.03, Ani: 0.00, Fit: 0.0114
Step:   55, T: 0.106E-06, 1043/7614, Succ: 428, Eval: 519434, CPU: 00:00:15
 Rf: 0.0012, Los: 0.01, Rg: 0.00, Cen: 0.04, Ani: 0.00, Fit: 0.0114
Step:   56, T: 0.953E-07, 1039/7614, Succ: 316, Eval: 539434, CPU: 00:00:16
 Rf: 0.0012, Los: 0.01, Rg: 0.00, Cen: 0.04, Ani: 0.00, Fit: 0.0114
Step:   57, T: 0.857E-07, 1046/7614, Succ: 237, Eval: 559434, CPU: 00:00:16
 Rf: 0.0012, Los: 0.01, Rg: 0.00, Cen: 0.01, Ani: 0.00, Fit: 0.0113
Step:   58, T: 0.772E-07, 1054/7614, Succ: 166, Eval: 579434, CPU: 00:00:17
 Rf: 0.0014, Los: 0.01, Rg: 0.00, Cen: 0.03, Ani: 0.00, Fit: 0.0112
Step:   59, T: 0.695E-07, 1056/7614, Succ: 120, Eval: 599434, CPU: 00:00:17
 Rf: 0.0015, Los: 0.01, Rg: 0.00, Cen: 0.01, Ani: 0.00, Fit: 0.0112
Step:   60, T: 0.625E-07, 1055/7614, Succ: 135, Eval: 619434, CPU: 00:00:18
 Rf: 0.0013, Los: 0.01, Rg: 0.00, Cen: 0.02, Ani: 0.00, Fit: 0.0111
Step:   61, T: 0.563E-07, 1056/7614, Succ: 105, Eval: 639434, CPU: 00:00:18
 Rf: 0.0014, Los: 0.01, Rg: 0.00, Cen: 0.00, Ani: 0.00, Fit: 0.0111
Step:   62, T: 0.506E-07, 1057/7614, Succ: 69, Eval: 659434, CPU: 00:00:18
 Rf: 0.0013, Los: 0.01, Rg: 0.00, Cen: 0.02, Ani: 0.00, Fit: 0.0111
Step:   63, T: 0.456E-07, 1058/7614, Succ: 45, Eval: 679434, CPU: 00:00:19
 Rf: 0.0014, Los: 0.01, Rg: 0.00, Cen: 0.02, Ani: 0.00, Fit: 0.0111
Step:   64, T: 0.410E-07, 1059/7614, Succ: 29, Eval: 699434, CPU: 00:00:19
 Rf: 0.0014, Los: 0.01, Rg: 0.00, Cen: 0.02, Ani: 0.00, Fit: 0.0111
Step:   65, T: 0.369E-07, 1059/7614, Succ: 18, Eval: 719434, CPU: 00:00:20
 Rf: 0.0014, Los: 0.01, Rg: 0.00, Cen: 0.02, Ani: 0.00, Fit: 0.0111
Annealing procedure status ....................... : cooled down
Probability that the model fits the data ......... : 0.807
Preparing output files ........................... : pdb, fit, fir
Log closed ....................................... : 30-Mar-2020, 11:50:09
