dammif ........................................... : r10552
Log opened ....................................... : 30-Mar-2020, 11:49:01
Run as:
Full command line ................................ : /usr/bin/dammif --quiet --mode=Fast --prefix=BSA_20fast_14 --unit=Unknown --symmetry=P1 --anisometry=Unknown --omit-solvent BSA_20fast.out
Configuration mode ............................... : fast
Angular units .................................... : unknown
Prefix ........................................... : BSA_20fast_14
Omit output of solvent ........................... : yes
GNOM input file .................................. : BSA_20fast.out
Expected particle anisometry ..................... : unknown
Enforced particle symmetry ....................... : p1
Pseudo-chains in PDB output ...................... : no
GNOM file:
Title ............................................ :
Angular units .................................... : angstrom
Maximum particle diameter [Angstrom] ............. : 94.0
Radius of gyration [Angstrom] .................... : 28.4
Minimum s [1/Angstrom] ........................... : 0.00
Maximum s [1/Angstrom] ........................... : 0.283
Configured as:
Shape class ...................................... : compact
Approx. shape dimension (ri) ..................... : 0.00
Approx. shape dimension (ro) ..................... : 36.6
Approx. shape dimension (h) ...................... : 0.00
Dummy atom radius ................................ : 2.60
Number of spherical harmonics .................... : 15
Proportion of the curve to be fitted ............. : 1.00
Maximum s [1/Angstrom] ........................... : 0.283
Number of shannon channels ....................... : 9
Number of supporting points in spline approx. .... : 9
Probability that the spline approx. fits the data  : 0.917E-01
Weighting function ............................... : emphasised porod
Initial random seed .............................. : 5154639557063899243
Maximum number of steps .......................... : 200
Maximum number of iterations ..................... : 20000
Minumum number of successes ...................... : 20
Maximum number of successes ...................... : 2000
Temperature scheduling factor .................... : 0.900
Rg penalty weight ................................ : 0.100E-02
Center penalty weight ............................ : 0.100E-04
Looseness penalty weight ......................... : 0.100E-01
Anisometry penalty weight ........................ : 0.00
Constant subtraction ............................. : skipped (unable to determine constant)
Annealing procedure status ....................... : warming up
Initial Rg penalty ............................... : 0.142E-01
Initial Center penalty ........................... : 0.114E-14
Initial Looseness penalty ........................ : 0.658E-02
Annealing procedure status ....................... : started
Step:    1, T: 0.319E-04, 1305/4589, Succ: 2000, Eval: 3797, CPU: 00:00:00
 Rf: 0.1270, Los: 0.10, Rg: 0.02, Cen: 0.90, Ani: 0.00, Fit: 0.1310
Step:    2, T: 0.287E-04, 1161/5135, Succ: 2000, Eval: 8129, CPU: 00:00:00
 Rf: 0.1108, Los: 0.12, Rg: 0.01, Cen: 0.76, Ani: 0.00, Fit: 0.1161
Step:    3, T: 0.258E-04, 1057/5526, Succ: 2000, Eval: 13170, CPU: 00:00:01
 Rf: 0.0868, Los: 0.13, Rg: 0.01, Cen: 1.93, Ani: 0.00, Fit: 0.0941
Step:    4, T: 0.232E-04, 1023/5849, Succ: 2000, Eval: 18286, CPU: 00:00:01
 Rf: 0.0733, Los: 0.13, Rg: 0.04, Cen: 2.01, Ani: 0.00, Fit: 0.0819
Step:    5, T: 0.209E-04, 953/6056, Succ: 2000, Eval: 23374, CPU: 00:00:02
 Rf: 0.0592, Los: 0.12, Rg: 0.02, Cen: 2.41, Ani: 0.00, Fit: 0.0690
Step:    6, T: 0.188E-04, 929/6284, Succ: 2000, Eval: 28269, CPU: 00:00:02
 Rf: 0.0541, Los: 0.12, Rg: 0.02, Cen: 1.73, Ani: 0.00, Fit: 0.0643
Step:    7, T: 0.169E-04, 917/6423, Succ: 2000, Eval: 33364, CPU: 00:00:02
 Rf: 0.0545, Los: 0.12, Rg: 0.03, Cen: 3.13, Ani: 0.00, Fit: 0.0648
Step:    8, T: 0.152E-04, 905/6529, Succ: 2000, Eval: 38526, CPU: 00:00:02
 Rf: 0.0490, Los: 0.12, Rg: 0.02, Cen: 3.05, Ani: 0.00, Fit: 0.0604
Step:    9, T: 0.137E-04, 889/6619, Succ: 2000, Eval: 43403, CPU: 00:00:03
 Rf: 0.0442, Los: 0.12, Rg: 0.00, Cen: 1.69, Ani: 0.00, Fit: 0.0562
Step:   10, T: 0.123E-04, 867/6729, Succ: 2000, Eval: 48470, CPU: 00:00:03
 Rf: 0.0381, Los: 0.12, Rg: 0.06, Cen: 1.59, Ani: 0.00, Fit: 0.0526
Step:   11, T: 0.111E-04, 853/6815, Succ: 2000, Eval: 53502, CPU: 00:00:03
 Rf: 0.0313, Los: 0.10, Rg: 0.01, Cen: 2.09, Ani: 0.00, Fit: 0.0452
Step:   12, T: 0.100E-04, 827/6924, Succ: 2000, Eval: 58583, CPU: 00:00:03
 Rf: 0.0263, Los: 0.11, Rg: 0.00, Cen: 3.53, Ani: 0.00, Fit: 0.0428
Step:   13, T: 0.900E-05, 783/7022, Succ: 2000, Eval: 63483, CPU: 00:00:04
 Rf: 0.0223, Los: 0.11, Rg: 0.03, Cen: 4.30, Ani: 0.00, Fit: 0.0413
Step:   14, T: 0.810E-05, 807/7085, Succ: 2000, Eval: 68804, CPU: 00:00:04
 Rf: 0.0241, Los: 0.11, Rg: 0.00, Cen: 3.56, Ani: 0.00, Fit: 0.0413
Step:   15, T: 0.729E-05, 811/7128, Succ: 2000, Eval: 73500, CPU: 00:00:04
 Rf: 0.0186, Los: 0.10, Rg: 0.00, Cen: 2.91, Ani: 0.00, Fit: 0.0372
Step:   16, T: 0.656E-05, 805/7196, Succ: 2000, Eval: 78539, CPU: 00:00:04
 Rf: 0.0195, Los: 0.10, Rg: 0.02, Cen: 3.63, Ani: 0.00, Fit: 0.0382
Step:   17, T: 0.591E-05, 803/7275, Succ: 2000, Eval: 83547, CPU: 00:00:04
 Rf: 0.0182, Los: 0.09, Rg: 0.00, Cen: 5.49, Ani: 0.00, Fit: 0.0358
Step:   18, T: 0.531E-05, 789/7287, Succ: 2000, Eval: 88457, CPU: 00:00:05
 Rf: 0.0147, Los: 0.09, Rg: 0.00, Cen: 4.38, Ani: 0.00, Fit: 0.0340
Step:   19, T: 0.478E-05, 807/7322, Succ: 2000, Eval: 93492, CPU: 00:00:05
 Rf: 0.0132, Los: 0.08, Rg: 0.00, Cen: 4.23, Ani: 0.00, Fit: 0.0321
Step:   20, T: 0.431E-05, 795/7342, Succ: 2000, Eval: 98786, CPU: 00:00:05
 Rf: 0.0147, Los: 0.08, Rg: 0.00, Cen: 2.24, Ani: 0.00, Fit: 0.0325
Step:   21, T: 0.387E-05, 795/7380, Succ: 2000, Eval: 104058, CPU: 00:00:05
 Rf: 0.0124, Los: 0.09, Rg: 0.00, Cen: 2.75, Ani: 0.00, Fit: 0.0323
Step:   22, T: 0.349E-05, 821/7403, Succ: 2000, Eval: 109388, CPU: 00:00:05
 Rf: 0.0113, Los: 0.07, Rg: 0.00, Cen: 2.36, Ani: 0.00, Fit: 0.0288
Step:   23, T: 0.314E-05, 821/7454, Succ: 2000, Eval: 114880, CPU: 00:00:06
 Rf: 0.0092, Los: 0.07, Rg: 0.01, Cen: 2.44, Ani: 0.00, Fit: 0.0283
Step:   24, T: 0.282E-05, 795/7483, Succ: 2000, Eval: 120466, CPU: 00:00:06
 Rf: 0.0075, Los: 0.07, Rg: 0.00, Cen: 1.76, Ani: 0.00, Fit: 0.0278
Step:   25, T: 0.254E-05, 841/7503, Succ: 2000, Eval: 125813, CPU: 00:00:06
 Rf: 0.0084, Los: 0.06, Rg: 0.00, Cen: 0.65, Ani: 0.00, Fit: 0.0257
Step:   26, T: 0.229E-05, 829/7536, Succ: 2000, Eval: 131449, CPU: 00:00:06
 Rf: 0.0078, Los: 0.05, Rg: 0.00, Cen: 0.69, Ani: 0.00, Fit: 0.0242
Step:   27, T: 0.206E-05, 801/7551, Succ: 2000, Eval: 137214, CPU: 00:00:06
 Rf: 0.0049, Los: 0.05, Rg: 0.00, Cen: 0.24, Ani: 0.00, Fit: 0.0235
Step:   28, T: 0.185E-05, 827/7578, Succ: 2000, Eval: 143555, CPU: 00:00:07
 Rf: 0.0050, Los: 0.05, Rg: 0.00, Cen: 0.20, Ani: 0.00, Fit: 0.0228
Step:   29, T: 0.167E-05, 849/7593, Succ: 2000, Eval: 150063, CPU: 00:00:07
 Rf: 0.0064, Los: 0.05, Rg: 0.00, Cen: 0.26, Ani: 0.00, Fit: 0.0225
Step:   30, T: 0.150E-05, 855/7604, Succ: 2000, Eval: 156723, CPU: 00:00:07
 Rf: 0.0047, Los: 0.04, Rg: 0.00, Cen: 0.36, Ani: 0.00, Fit: 0.0213
Step:   31, T: 0.135E-05, 855/7608, Succ: 2000, Eval: 163538, CPU: 00:00:07
 Rf: 0.0040, Los: 0.04, Rg: 0.00, Cen: 0.27, Ani: 0.00, Fit: 0.0204
Step:   32, T: 0.122E-05, 869/7620, Succ: 2000, Eval: 170487, CPU: 00:00:07
 Rf: 0.0039, Los: 0.04, Rg: 0.00, Cen: 0.16, Ani: 0.00, Fit: 0.0202
Step:   33, T: 0.109E-05, 867/7623, Succ: 2000, Eval: 178020, CPU: 00:00:08
 Rf: 0.0033, Los: 0.04, Rg: 0.00, Cen: 0.11, Ani: 0.00, Fit: 0.0197
Step:   34, T: 0.985E-06, 855/7623, Succ: 2000, Eval: 185395, CPU: 00:00:08
 Rf: 0.0034, Los: 0.04, Rg: 0.00, Cen: 0.11, Ani: 0.00, Fit: 0.0192
Step:   35, T: 0.886E-06, 885/7624, Succ: 2000, Eval: 193497, CPU: 00:00:08
 Rf: 0.0029, Los: 0.03, Rg: 0.00, Cen: 0.36, Ani: 0.00, Fit: 0.0181
Step:   36, T: 0.798E-06, 893/7632, Succ: 2000, Eval: 202307, CPU: 00:00:08
 Rf: 0.0025, Los: 0.03, Rg: 0.00, Cen: 0.12, Ani: 0.00, Fit: 0.0177
Step:   37, T: 0.718E-06, 919/7633, Succ: 2000, Eval: 211196, CPU: 00:00:09
 Rf: 0.0018, Los: 0.03, Rg: 0.00, Cen: 0.11, Ani: 0.00, Fit: 0.0169
Step:   38, T: 0.646E-06, 917/7633, Succ: 2000, Eval: 220752, CPU: 00:00:09
 Rf: 0.0024, Los: 0.03, Rg: 0.00, Cen: 0.12, Ani: 0.00, Fit: 0.0166
Step:   39, T: 0.582E-06, 925/7636, Succ: 2000, Eval: 230616, CPU: 00:00:09
 Rf: 0.0025, Los: 0.02, Rg: 0.00, Cen: 0.44, Ani: 0.00, Fit: 0.0160
Step:   40, T: 0.523E-06, 947/7636, Succ: 2000, Eval: 241546, CPU: 00:00:09
 Rf: 0.0019, Los: 0.02, Rg: 0.00, Cen: 0.16, Ani: 0.00, Fit: 0.0151
Step:   41, T: 0.471E-06, 943/7637, Succ: 2000, Eval: 252963, CPU: 00:00:10
 Rf: 0.0016, Los: 0.02, Rg: 0.00, Cen: 0.05, Ani: 0.00, Fit: 0.0150
Step:   42, T: 0.424E-06, 955/7640, Succ: 2000, Eval: 266010, CPU: 00:00:10
 Rf: 0.0021, Los: 0.02, Rg: 0.00, Cen: 0.05, Ani: 0.00, Fit: 0.0147
Step:   43, T: 0.382E-06, 961/7640, Succ: 2000, Eval: 279875, CPU: 00:00:10
 Rf: 0.0017, Los: 0.02, Rg: 0.00, Cen: 0.25, Ani: 0.00, Fit: 0.0139
Step:   44, T: 0.343E-06, 987/7641, Succ: 2000, Eval: 295775, CPU: 00:00:11
 Rf: 0.0016, Los: 0.02, Rg: 0.00, Cen: 0.20, Ani: 0.00, Fit: 0.0137
Step:   45, T: 0.309E-06, 985/7641, Succ: 2000, Eval: 312632, CPU: 00:00:11
 Rf: 0.0012, Los: 0.02, Rg: 0.00, Cen: 0.03, Ani: 0.00, Fit: 0.0133
Step:   46, T: 0.278E-06, 987/7641, Succ: 2000, Eval: 332241, CPU: 00:00:11
 Rf: 0.0018, Los: 0.02, Rg: 0.00, Cen: 0.15, Ani: 0.00, Fit: 0.0133
Step:   47, T: 0.250E-06, 1007/7641, Succ: 1936, Eval: 352241, CPU: 00:00:12
 Rf: 0.0014, Los: 0.02, Rg: 0.00, Cen: 0.06, Ani: 0.00, Fit: 0.0125
Step:   48, T: 0.225E-06, 1008/7641, Succ: 1621, Eval: 372241, CPU: 00:00:12
 Rf: 0.0014, Los: 0.02, Rg: 0.00, Cen: 0.07, Ani: 0.00, Fit: 0.0125
Step:   49, T: 0.203E-06, 1000/7641, Succ: 1390, Eval: 392241, CPU: 00:00:13
 Rf: 0.0012, Los: 0.01, Rg: 0.00, Cen: 0.14, Ani: 0.00, Fit: 0.0123
Step:   50, T: 0.182E-06, 1020/7641, Succ: 1164, Eval: 412241, CPU: 00:00:13
 Rf: 0.0013, Los: 0.01, Rg: 0.00, Cen: 0.04, Ani: 0.00, Fit: 0.0119
Step:   51, T: 0.164E-06, 1026/7641, Succ: 930, Eval: 432241, CPU: 00:00:14
 Rf: 0.0013, Los: 0.01, Rg: 0.00, Cen: 0.04, Ani: 0.00, Fit: 0.0117
Step:   52, T: 0.148E-06, 1020/7641, Succ: 738, Eval: 452241, CPU: 00:00:14
 Rf: 0.0011, Los: 0.01, Rg: 0.00, Cen: 0.04, Ani: 0.00, Fit: 0.0116
Step:   53, T: 0.133E-06, 1037/7641, Succ: 593, Eval: 472241, CPU: 00:00:15
 Rf: 0.0011, Los: 0.01, Rg: 0.00, Cen: 0.13, Ani: 0.00, Fit: 0.0114
Step:   54, T: 0.120E-06, 1041/7641, Succ: 526, Eval: 492241, CPU: 00:00:15
 Rf: 0.0013, Los: 0.01, Rg: 0.00, Cen: 0.01, Ani: 0.00, Fit: 0.0112
Step:   55, T: 0.108E-06, 1045/7641, Succ: 344, Eval: 512241, CPU: 00:00:16
 Rf: 0.0011, Los: 0.01, Rg: 0.00, Cen: 0.01, Ani: 0.00, Fit: 0.0110
Step:   56, T: 0.970E-07, 1045/7641, Succ: 248, Eval: 532241, CPU: 00:00:16
 Rf: 0.0010, Los: 0.01, Rg: 0.00, Cen: 0.03, Ani: 0.00, Fit: 0.0109
Step:   57, T: 0.873E-07, 1047/7641, Succ: 170, Eval: 552241, CPU: 00:00:17
 Rf: 0.0010, Los: 0.01, Rg: 0.00, Cen: 0.06, Ani: 0.00, Fit: 0.0108
Step:   58, T: 0.786E-07, 1049/7641, Succ: 92, Eval: 572241, CPU: 00:00:17
 Rf: 0.0010, Los: 0.01, Rg: 0.00, Cen: 0.02, Ani: 0.00, Fit: 0.0108
Step:   59, T: 0.707E-07, 1048/7641, Succ: 105, Eval: 592241, CPU: 00:00:18
 Rf: 0.0010, Los: 0.01, Rg: 0.00, Cen: 0.00, Ani: 0.00, Fit: 0.0108
Step:   60, T: 0.636E-07, 1052/7641, Succ: 66, Eval: 612241, CPU: 00:00:18
 Rf: 0.0010, Los: 0.01, Rg: 0.00, Cen: 0.02, Ani: 0.00, Fit: 0.0107
Step:   61, T: 0.573E-07, 1050/7641, Succ: 30, Eval: 632241, CPU: 00:00:19
 Rf: 0.0009, Los: 0.01, Rg: 0.00, Cen: 0.01, Ani: 0.00, Fit: 0.0107
Step:   62, T: 0.515E-07, 1053/7641, Succ: 57, Eval: 652241, CPU: 00:00:19
 Rf: 0.0009, Los: 0.01, Rg: 0.00, Cen: 0.02, Ani: 0.00, Fit: 0.0107
Step:   63, T: 0.464E-07, 1055/7641, Succ: 8, Eval: 672241, CPU: 00:00:20
 Rf: 0.0010, Los: 0.01, Rg: 0.00, Cen: 0.01, Ani: 0.00, Fit: 0.0107
Annealing procedure status ....................... : cooled down
Probability that the model fits the data ......... : 0.807
Preparing output files ........................... : pdb, fit, fir
Log closed ....................................... : 30-Mar-2020, 11:49:24
