
           ####      G N O M             Version 5.0 (r10552)      ####
                                               Fri Apr  3 10:15:19 2020

           ####      Configuration                                 ####

    System Type:                   arbitrary monodisperse (job = 0)
    Minimum characteristic size:         0.0000
    Maximum characteristic size:        88.0000
    rad56:                               0.0000
    Force 0.0 at r = rmin:                  yes
    Force 0.0 at r = rmax:                  yes
    Initial alpha:                       0.0000
    Initial random seed:    4636819557908547294
    Points in real space:                   171

    Input  1:                      tmpcS28ND.dat
    First data point used:                    1
    Last data point used:                   217
    Scaling coefficient:             0.1000E+01
    Experimental setup:            point collimation



           ####      Results                                       ####

    Parameter    DISCRP  OSCILL  STABIL  SYSDEV  POSITV  VALCEN  SMOOTH
    Weight        1.000   3.000   3.000   3.000   1.000   1.000   1.000
    Sigma         0.300   0.600   0.120   0.120   0.120   0.120   0.600
    Ideal         0.700   1.100   0.000   1.000   1.000   0.950   0.000
    Current       0.928   1.233   0.008   0.972   1.000   0.937   0.493
               --------------------------------------------------------
    Estimate      0.561   0.952   0.995   1.000   1.000   0.989   0.509

    Angular range:                       0.0107 to       0.2989
    Reciprocal space Rg:             0.2828E+02
    Reciprocal space I(0):           0.1348E-01

    Real space range:                    0.0000 to      88.0000
    Real space Rg:                   0.2827E+02 +-   0.1398E+00
    Real space I(0):                 0.1348E-01 +-   0.6839E-04

    Highest ALPHA (theor):           0.3560E+04
    Current ALPHA:                   0.1012E+02

    Total Estimate:                      0.9154 (a EXCELLENT solution)



           ####      Experimental Data and Fit                     ####

      S          J EXP       ERROR       J REG       I REG

   0.000000E+00                                                0.134802E-01
   0.118802E-02                                                0.134752E-01
   0.237605E-02                                                0.134600E-01
   0.356407E-02                                                0.134347E-01
   0.475210E-02                                                0.133994E-01
   0.594012E-02                                                0.133541E-01
   0.712814E-02                                                0.132989E-01
   0.831617E-02                                                0.132341E-01
   0.950419E-02                                                0.131596E-01
   0.106922E-01   0.121169E-01   0.122284E-02   0.130757E-01   0.130757E-01
   0.120287E-01   0.127253E-01   0.138986E-02   0.129702E-01   0.129702E-01
   0.133653E-01   0.134921E-01   0.611118E-03   0.128534E-01   0.128534E-01
   0.147018E-01   0.126611E-01   0.367670E-03   0.127254E-01   0.127254E-01
   0.160383E-01   0.123471E-01   0.296683E-03   0.125866E-01   0.125866E-01
   0.173748E-01   0.128317E-01   0.255411E-03   0.124375E-01   0.124375E-01
   0.187113E-01   0.119006E-01   0.235635E-03   0.122784E-01   0.122784E-01
   0.200478E-01   0.121882E-01   0.230276E-03   0.121097E-01   0.121097E-01
   0.213843E-01   0.115117E-01   0.201178E-03   0.119319E-01   0.119319E-01
   0.227208E-01   0.115666E-01   0.184445E-03   0.117454E-01   0.117454E-01
   0.240573E-01   0.111251E-01   0.178587E-03   0.115507E-01   0.115507E-01
   0.253938E-01   0.113446E-01   0.170726E-03   0.113483E-01   0.113483E-01
   0.267303E-01   0.113978E-01   0.162462E-03   0.111388E-01   0.111388E-01
   0.280667E-01   0.109755E-01   0.153940E-03   0.109226E-01   0.109226E-01
   0.294032E-01   0.105364E-01   0.145492E-03   0.107003E-01   0.107003E-01
   0.307397E-01   0.107362E-01   0.147405E-03   0.104724E-01   0.104724E-01
   0.320761E-01   0.102731E-01   0.138147E-03   0.102395E-01   0.102395E-01
   0.334126E-01   0.101116E-01   0.134216E-03   0.100021E-01   0.100021E-01
   0.347490E-01   0.996727E-02   0.131737E-03   0.976074E-02   0.976074E-02
   0.360855E-01   0.964733E-02   0.124186E-03   0.951601E-02   0.951601E-02
   0.374219E-01   0.926302E-02   0.121589E-03   0.926844E-02   0.926844E-02
   0.387584E-01   0.890462E-02   0.117223E-03   0.901858E-02   0.901858E-02
   0.400948E-01   0.872352E-02   0.116425E-03   0.876697E-02   0.876697E-02
   0.414312E-01   0.849273E-02   0.113584E-03   0.851412E-02   0.851412E-02
   0.427676E-01   0.831242E-02   0.108763E-03   0.826057E-02   0.826057E-02
   0.441040E-01   0.815484E-02   0.104049E-03   0.800683E-02   0.800683E-02
   0.454404E-01   0.777661E-02   0.992556E-04   0.775337E-02   0.775337E-02
   0.467768E-01   0.748564E-02   0.975978E-04   0.750070E-02   0.750070E-02
   0.481131E-01   0.729332E-02   0.972242E-04   0.724926E-02   0.724926E-02
   0.494495E-01   0.715929E-02   0.945809E-04   0.699951E-02   0.699951E-02
   0.507859E-01   0.678162E-02   0.908357E-04   0.675187E-02   0.675187E-02
   0.521222E-01   0.663453E-02   0.873920E-04   0.650675E-02   0.650675E-02
   0.534585E-01   0.628485E-02   0.876266E-04   0.626455E-02   0.626455E-02
   0.547949E-01   0.600486E-02   0.877019E-04   0.602562E-02   0.602562E-02
   0.561312E-01   0.564058E-02   0.818674E-04   0.579031E-02   0.579031E-02
   0.574675E-01   0.550784E-02   0.818374E-04   0.555895E-02   0.555895E-02
   0.588038E-01   0.547202E-02   0.829809E-04   0.533183E-02   0.533183E-02
   0.601401E-01   0.532740E-02   0.792653E-04   0.510924E-02   0.510924E-02
   0.614763E-01   0.485569E-02   0.759818E-04   0.489141E-02   0.489141E-02
   0.628126E-01   0.466850E-02   0.750798E-04   0.467859E-02   0.467859E-02
   0.641489E-01   0.445725E-02   0.722310E-04   0.447097E-02   0.447097E-02
   0.654851E-01   0.422066E-02   0.720599E-04   0.426873E-02   0.426873E-02
   0.668213E-01   0.405042E-02   0.700744E-04   0.407205E-02   0.407205E-02
   0.681575E-01   0.383436E-02   0.683933E-04   0.388104E-02   0.388104E-02
   0.694937E-01   0.367592E-02   0.697610E-04   0.369583E-02   0.369583E-02
   0.708299E-01   0.366877E-02   0.702473E-04   0.351650E-02   0.351650E-02
   0.721661E-01   0.324899E-02   0.673220E-04   0.334312E-02   0.334312E-02
   0.735023E-01   0.314294E-02   0.663003E-04   0.317574E-02   0.317574E-02
   0.748384E-01   0.309645E-02   0.661499E-04   0.301439E-02   0.301439E-02
   0.761746E-01   0.283165E-02   0.639221E-04   0.285907E-02   0.285907E-02
   0.775107E-01   0.270683E-02   0.629422E-04   0.270978E-02   0.270978E-02
   0.788468E-01   0.252287E-02   0.615482E-04   0.256649E-02   0.256649E-02
   0.801829E-01   0.249375E-02   0.632418E-04   0.242915E-02   0.242915E-02
   0.815190E-01   0.231855E-02   0.597767E-04   0.229771E-02   0.229771E-02
   0.828550E-01   0.220477E-02   0.601092E-04   0.217208E-02   0.217208E-02
   0.841911E-01   0.210092E-02   0.601005E-04   0.205219E-02   0.205219E-02
   0.855271E-01   0.187881E-02   0.557189E-04   0.193793E-02   0.193793E-02
   0.868631E-01   0.193028E-02   0.601079E-04   0.182918E-02   0.182918E-02
   0.881991E-01   0.166923E-02   0.566323E-04   0.172583E-02   0.172583E-02
   0.895351E-01   0.157426E-02   0.546475E-04   0.162775E-02   0.162775E-02
   0.908711E-01   0.163240E-02   0.601041E-04   0.153478E-02   0.153478E-02
   0.922070E-01   0.149009E-02   0.563334E-04   0.144680E-02   0.144680E-02
   0.935429E-01   0.137783E-02   0.586658E-04   0.136364E-02   0.136364E-02
   0.948789E-01   0.136986E-02   0.576875E-04   0.128514E-02   0.128514E-02
   0.962148E-01   0.116696E-02   0.514216E-04   0.121115E-02   0.121115E-02
   0.975506E-01   0.119879E-02   0.540507E-04   0.114148E-02   0.114148E-02
   0.988865E-01   0.974260E-03   0.480794E-04   0.107599E-02   0.107599E-02
   0.100222E+00   0.109137E-02   0.584293E-04   0.101449E-02   0.101449E-02
   0.101558E+00   0.926934E-03   0.480313E-04   0.956815E-03   0.956815E-03
   0.102894E+00   0.982649E-03   0.554497E-04   0.902793E-03   0.902793E-03
   0.104230E+00   0.867047E-03   0.517905E-04   0.852255E-03   0.852255E-03
   0.105566E+00   0.809251E-03   0.461930E-04   0.805030E-03   0.805030E-03
   0.106901E+00   0.718791E-03   0.469998E-04   0.760953E-03   0.760953E-03
   0.108237E+00   0.743991E-03   0.454320E-04   0.719858E-03   0.719858E-03
   0.109573E+00   0.579887E-03   0.425283E-04   0.681585E-03   0.681585E-03
   0.110908E+00   0.586398E-03   0.446620E-04   0.645975E-03   0.645975E-03
   0.112244E+00   0.669684E-03   0.442864E-04   0.612875E-03   0.612875E-03
   0.113580E+00   0.557120E-03   0.413621E-04   0.582135E-03   0.582135E-03
   0.114915E+00   0.539008E-03   0.486236E-04   0.553610E-03   0.553610E-03
   0.116251E+00   0.576504E-03   0.437454E-04   0.527161E-03   0.527161E-03
   0.117587E+00   0.509694E-03   0.384958E-04   0.502652E-03   0.502652E-03
   0.118922E+00   0.433408E-03   0.350229E-04   0.479955E-03   0.479955E-03
   0.120258E+00   0.414784E-03   0.390514E-04   0.458944E-03   0.458944E-03
   0.121593E+00   0.360144E-03   0.396606E-04   0.439502E-03   0.439502E-03
   0.122929E+00   0.473447E-03   0.421797E-04   0.421515E-03   0.421515E-03
   0.124264E+00   0.329587E-03   0.303206E-04   0.404877E-03   0.404877E-03
   0.125600E+00   0.417298E-03   0.409638E-04   0.389484E-03   0.389484E-03
   0.126935E+00   0.364844E-03   0.396511E-04   0.375241E-03   0.375241E-03
   0.128270E+00   0.423335E-03   0.464271E-04   0.362057E-03   0.362057E-03
   0.129606E+00   0.324824E-03   0.382284E-04   0.349846E-03   0.349846E-03
   0.130941E+00   0.384442E-03   0.469601E-04   0.338528E-03   0.338528E-03
   0.132276E+00   0.315132E-03   0.314626E-04   0.328028E-03   0.328028E-03
   0.133612E+00   0.372195E-03   0.572175E-04   0.318276E-03   0.318276E-03
   0.134947E+00   0.367863E-03   0.527901E-04   0.309205E-03   0.309205E-03
   0.136282E+00   0.308206E-03   0.376589E-04   0.300755E-03   0.300755E-03
   0.137618E+00   0.231888E-03   0.350389E-04   0.292870E-03   0.292870E-03
   0.138953E+00   0.354420E-03   0.318853E-04   0.285497E-03   0.285497E-03
   0.140288E+00   0.282778E-03   0.313999E-04   0.278586E-03   0.278586E-03
   0.141623E+00   0.260241E-03   0.391926E-04   0.272095E-03   0.272095E-03
   0.142958E+00   0.232237E-03   0.318875E-04   0.265982E-03   0.265982E-03
   0.144293E+00   0.261689E-03   0.370701E-04   0.260208E-03   0.260208E-03
   0.145628E+00   0.254936E-03   0.345696E-04   0.254740E-03   0.254740E-03
   0.146963E+00   0.220337E-03   0.400698E-04   0.249546E-03   0.249546E-03
   0.148298E+00   0.178126E-03   0.248375E-04   0.244597E-03   0.244597E-03
   0.149633E+00   0.258017E-03   0.329798E-04   0.239867E-03   0.239867E-03
   0.150968E+00   0.272065E-03   0.443021E-04   0.235331E-03   0.235331E-03
   0.152303E+00   0.206117E-03   0.323812E-04   0.230969E-03   0.230969E-03
   0.153638E+00   0.144357E-03   0.421400E-04   0.226761E-03   0.226761E-03
   0.154973E+00   0.237846E-03   0.289931E-04   0.222690E-03   0.222690E-03
   0.156308E+00   0.306350E-03   0.395802E-04   0.218738E-03   0.218738E-03
   0.157643E+00   0.249229E-03   0.318054E-04   0.214892E-03   0.214892E-03
   0.158978E+00   0.252414E-03   0.277133E-04   0.211140E-03   0.211140E-03
   0.160312E+00   0.163603E-03   0.677076E-03   0.207469E-03   0.207469E-03
   0.161647E+00   0.276786E-03   0.335127E-04   0.203871E-03   0.203871E-03
   0.162982E+00   0.187274E-03   0.892243E-04   0.200335E-03   0.200335E-03
   0.164317E+00   0.206957E-03   0.566308E-04   0.196853E-03   0.196853E-03
   0.165651E+00   0.150651E-03   0.264793E-04   0.193420E-03   0.193420E-03
   0.166986E+00   0.222677E-03   0.376324E-04   0.190029E-03   0.190029E-03
   0.168320E+00   0.191663E-03   0.260633E-04   0.186675E-03   0.186675E-03
   0.169655E+00   0.174570E-03   0.323971E-04   0.183353E-03   0.183353E-03
   0.170989E+00   0.154625E-03   0.387369E-04   0.180060E-03   0.180060E-03
   0.172324E+00   0.165426E-03   0.445730E-04   0.176793E-03   0.176793E-03
   0.173658E+00   0.158616E-03   0.345622E-04   0.173549E-03   0.173549E-03
   0.174993E+00   0.148392E-03   0.291826E-04   0.170327E-03   0.170327E-03
   0.176327E+00   0.174452E-03   0.275116E-04   0.167125E-03   0.167125E-03
   0.177662E+00   0.155913E-03   0.363421E-04   0.163943E-03   0.163943E-03
   0.178996E+00   0.143657E-03   0.310530E-04   0.160780E-03   0.160780E-03
   0.180330E+00   0.157033E-03   0.985569E-04   0.157636E-03   0.157636E-03
   0.181665E+00   0.176031E-03   0.236265E-04   0.154513E-03   0.154513E-03
   0.182999E+00   0.136617E-03   0.231238E-04   0.151409E-03   0.151409E-03
   0.184333E+00   0.148182E-03   0.340763E-04   0.148328E-03   0.148328E-03
   0.185667E+00   0.162704E-03   0.308687E-04   0.145271E-03   0.145271E-03
   0.187001E+00   0.217027E-03   0.373028E-04   0.142238E-03   0.142238E-03
   0.188335E+00   0.134447E-03   0.449382E-04   0.139233E-03   0.139233E-03
   0.189669E+00   0.131062E-03   0.339519E-04   0.136256E-03   0.136256E-03
   0.191003E+00   0.135524E-03   0.311609E-04   0.133312E-03   0.133312E-03
   0.192337E+00   0.148287E-03   0.417905E-04   0.130402E-03   0.130402E-03
   0.193671E+00   0.113778E-03   0.597149E-04   0.127529E-03   0.127529E-03
   0.195005E+00   0.121342E-03   0.305040E-04   0.124695E-03   0.124695E-03
   0.196339E+00   0.180181E-03   0.421925E-04   0.121904E-03   0.121904E-03
   0.197673E+00   0.150227E-03   0.336285E-04   0.119158E-03   0.119158E-03
   0.199007E+00   0.662210E-04   0.253722E-04   0.116461E-03   0.116461E-03
   0.200341E+00   0.754301E-04   0.304993E-04   0.113815E-03   0.113815E-03
   0.201674E+00   0.838383E-04   0.555331E-04   0.111222E-03   0.111222E-03
   0.203008E+00   0.112642E-03   0.158512E-03   0.108686E-03   0.108686E-03
   0.204342E+00   0.740508E-04   0.310930E-04   0.106209E-03   0.106209E-03
   0.205675E+00   0.165197E-03   0.315738E-04   0.103794E-03   0.103794E-03
   0.207009E+00   0.120079E-03   0.645883E-04   0.101442E-03   0.101442E-03
   0.208342E+00   0.124993E-03   0.472385E-04   0.991566E-04   0.991566E-04
   0.209676E+00   0.317029E-04   0.893871E-04   0.969385E-04   0.969385E-04
   0.211009E+00   0.161412E-03   0.353372E-03   0.947897E-04   0.947897E-04
   0.212343E+00   0.803753E-04   0.345402E-04   0.927117E-04   0.927117E-04
   0.213676E+00   0.616959E-04   0.361940E-04   0.907050E-04   0.907050E-04
   0.215010E+00   0.172320E-04   0.311911E-04   0.887721E-04   0.887721E-04
   0.216343E+00   0.893967E-04   0.230029E-04   0.869118E-04   0.869118E-04
   0.217676E+00   0.108370E-03   0.306314E-04   0.851252E-04   0.851252E-04
   0.219009E+00   0.152159E-03   0.422992E-04   0.834121E-04   0.834121E-04
   0.220343E+00   0.987302E-04   0.289924E-04   0.817723E-04   0.817723E-04
   0.221676E+00   0.996656E-04   0.163017E-03   0.802051E-04   0.802051E-04
   0.223009E+00   0.860600E-04   0.221306E-04   0.787098E-04   0.787098E-04
   0.224342E+00   0.114315E-03   0.859129E-04   0.772851E-04   0.772851E-04
   0.225675E+00   0.820125E-04   0.639376E-04   0.759295E-04   0.759295E-04
   0.227008E+00   0.583704E-04   0.579608E-04   0.746416E-04   0.746416E-04
   0.228341E+00   0.370899E-04   0.242639E-04   0.734193E-04   0.734193E-04
   0.229674E+00   0.112102E-03   0.304308E-04   0.722605E-04   0.722605E-04
   0.231007E+00   0.108110E-03   0.385811E-04   0.711629E-04   0.711629E-04
   0.232340E+00   0.517086E-04   0.290385E-04   0.701239E-04   0.701239E-04
   0.233672E+00   0.269484E-04   0.272122E-04   0.691413E-04   0.691413E-04
   0.235005E+00   0.323843E-04   0.812106E-03   0.682111E-04   0.682111E-04
   0.236338E+00   0.614795E-04   0.240034E-03   0.673315E-04   0.673315E-04
   0.237670E+00   0.848754E-04   0.363791E-04   0.664992E-04   0.664992E-04
   0.239003E+00   0.676969E-04   0.226608E-04   0.657109E-04   0.657109E-04
   0.240336E+00   0.923002E-04   0.356460E-04   0.649640E-04   0.649640E-04
   0.241668E+00   0.493862E-04   0.264484E-04   0.642549E-04   0.642549E-04
   0.243001E+00   0.261260E-05   0.554716E-04   0.635806E-04   0.635806E-04
   0.244333E+00   0.784400E-04   0.517651E-04   0.629382E-04   0.629382E-04
   0.245665E+00   0.112185E-03   0.396502E-04   0.623246E-04   0.623246E-04
   0.246998E+00   0.385681E-04   0.325951E-04   0.617369E-04   0.617369E-04
   0.248330E+00   0.540335E-04   0.346982E-04   0.611723E-04   0.611723E-04
   0.249662E+00   0.686139E-04   0.292770E-04   0.606282E-04   0.606282E-04
   0.250994E+00   0.244744E-04   0.574666E-04   0.601019E-04   0.601019E-04
   0.252327E+00   0.199664E-04   0.237794E-04   0.595911E-04   0.595911E-04
   0.253659E+00   0.546686E-04   0.336159E-03   0.590937E-04   0.590937E-04
   0.254991E+00   0.872485E-04   0.241709E-04   0.586075E-04   0.586075E-04
   0.256323E+00   0.638550E-04   0.310357E-04   0.581308E-04   0.581308E-04
   0.257655E+00   0.224169E-04   0.319381E-04   0.576618E-04   0.576618E-04
   0.258987E+00   0.873638E-04   0.254609E-04   0.571991E-04   0.571991E-04
   0.260318E+00   0.143748E-03   0.377609E-04   0.567415E-04   0.567415E-04
   0.261650E+00   0.233736E-04   0.201501E-03   0.562878E-04   0.562878E-04
   0.262982E+00   0.394115E-04   0.243758E-04   0.558373E-04   0.558373E-04
   0.264314E+00   0.530249E-04   0.281906E-04   0.553889E-04   0.553889E-04
   0.265645E+00   0.629863E-04   0.118169E-03   0.549430E-04   0.549430E-04
   0.266977E+00   0.969782E-04   0.129425E-03   0.544985E-04   0.544985E-04
   0.268309E+00   0.533290E-04   0.438964E-04   0.540553E-04   0.540553E-04
   0.269640E+00   0.607344E-04   0.270434E-04   0.536136E-04   0.536136E-04
   0.270972E+00   0.612265E-04   0.685090E-04   0.531735E-04   0.531735E-04
   0.272303E+00   0.471537E-04   0.308595E-04   0.527351E-04   0.527351E-04
   0.273635E+00   0.146740E-04   0.475092E-04   0.522989E-04   0.522989E-04
   0.274966E+00   0.874533E-04   0.508373E-03   0.518652E-04   0.518652E-04
   0.276297E+00   0.304295E-04   0.350573E-04   0.514346E-04   0.514346E-04
   0.277628E+00   0.281838E-04   0.306214E-04   0.510077E-04   0.510077E-04
   0.278960E+00   0.525379E-04   0.249793E-04   0.505850E-04   0.505850E-04
   0.280291E+00   0.404839E-05   0.252558E-04   0.501672E-04   0.501672E-04
   0.281622E+00   0.417050E-04   0.238986E-04   0.497549E-04   0.497549E-04
   0.282953E+00   0.345031E-04   0.255236E-04   0.493488E-04   0.493488E-04
   0.284284E+00   0.198328E-04   0.150290E-03   0.489494E-04   0.489494E-04
   0.285615E+00   0.605266E-04   0.315016E-04   0.485575E-04   0.485575E-04
   0.286946E+00   0.328282E-04   0.255269E-04   0.481733E-04   0.481733E-04
   0.288276E+00   0.430610E-04   0.241453E-04   0.477975E-04   0.477975E-04
   0.289607E+00   0.720237E-04   0.225083E-04   0.474307E-04   0.474307E-04
   0.290938E+00   0.907761E-04   0.136666E-03   0.470724E-04   0.470724E-04
   0.292268E+00   0.765051E-04   0.285741E-04   0.467236E-04   0.467236E-04
   0.293599E+00   0.926630E-04   0.281700E-04   0.463843E-04   0.463843E-04
   0.294930E+00   0.728578E-04   0.469915E-03   0.460543E-04   0.460543E-04
   0.296260E+00   0.256831E-04   0.520995E-04   0.457340E-04   0.457340E-04
   0.297591E+00   0.700347E-04   0.360322E-04   0.454228E-04   0.454228E-04
   0.298921E+00   0.510456E-04   0.273468E-04   0.451206E-04   0.451206E-04

           ####      Real Space Data                               ####

           Distance distribution  function of particle  


      R          P(R)      ERROR

  0.0000E+00  0.0000E+00  0.0000E+00
  0.5176E+00  0.1851E-06  0.2166E-07
  0.1035E+01  0.3946E-06  0.3924E-07
  0.1553E+01  0.6284E-06  0.5285E-07
  0.2071E+01  0.8864E-06  0.6264E-07
  0.2588E+01  0.1168E-05  0.6882E-07
  0.3106E+01  0.1474E-05  0.7166E-07
  0.3624E+01  0.1803E-05  0.7149E-07
  0.4141E+01  0.2154E-05  0.6872E-07
  0.4659E+01  0.2527E-05  0.6385E-07
  0.5176E+01  0.2922E-05  0.5752E-07
  0.5694E+01  0.3338E-05  0.5062E-07
  0.6212E+01  0.3774E-05  0.4440E-07
  0.6729E+01  0.4229E-05  0.4061E-07
  0.7247E+01  0.4702E-05  0.4090E-07
  0.7765E+01  0.5192E-05  0.4564E-07
  0.8282E+01  0.5699E-05  0.5362E-07
  0.8800E+01  0.6221E-05  0.6330E-07
  0.9318E+01  0.6756E-05  0.7351E-07
  0.9835E+01  0.7304E-05  0.8344E-07
  0.1035E+02  0.7864E-05  0.9257E-07
  0.1087E+02  0.8433E-05  0.1005E-06
  0.1139E+02  0.9011E-05  0.1070E-06
  0.1191E+02  0.9595E-05  0.1119E-06
  0.1242E+02  0.1019E-04  0.1150E-06
  0.1294E+02  0.1078E-04  0.1164E-06
  0.1346E+02  0.1138E-04  0.1161E-06
  0.1398E+02  0.1198E-04  0.1143E-06
  0.1449E+02  0.1257E-04  0.1111E-06
  0.1501E+02  0.1317E-04  0.1067E-06
  0.1553E+02  0.1376E-04  0.1016E-06
  0.1605E+02  0.1435E-04  0.9625E-07
  0.1656E+02  0.1493E-04  0.9113E-07
  0.1708E+02  0.1550E-04  0.8689E-07
  0.1760E+02  0.1607E-04  0.8415E-07
  0.1812E+02  0.1662E-04  0.8340E-07
  0.1864E+02  0.1717E-04  0.8487E-07
  0.1915E+02  0.1770E-04  0.8844E-07
  0.1967E+02  0.1821E-04  0.9371E-07
  0.2019E+02  0.1872E-04  0.1001E-06
  0.2071E+02  0.1920E-04  0.1071E-06
  0.2122E+02  0.1968E-04  0.1142E-06
  0.2174E+02  0.2013E-04  0.1209E-06
  0.2226E+02  0.2057E-04  0.1269E-06
  0.2278E+02  0.2099E-04  0.1320E-06
  0.2329E+02  0.2139E-04  0.1361E-06
  0.2381E+02  0.2177E-04  0.1389E-06
  0.2433E+02  0.2214E-04  0.1406E-06
  0.2485E+02  0.2248E-04  0.1412E-06
  0.2536E+02  0.2281E-04  0.1408E-06
  0.2588E+02  0.2312E-04  0.1394E-06
  0.2640E+02  0.2340E-04  0.1375E-06
  0.2692E+02  0.2367E-04  0.1352E-06
  0.2744E+02  0.2392E-04  0.1327E-06
  0.2795E+02  0.2416E-04  0.1305E-06
  0.2847E+02  0.2437E-04  0.1289E-06
  0.2899E+02  0.2457E-04  0.1280E-06
  0.2951E+02  0.2474E-04  0.1282E-06
  0.3002E+02  0.2490E-04  0.1294E-06
  0.3054E+02  0.2504E-04  0.1316E-06
  0.3106E+02  0.2516E-04  0.1347E-06
  0.3158E+02  0.2527E-04  0.1386E-06
  0.3209E+02  0.2536E-04  0.1429E-06
  0.3261E+02  0.2543E-04  0.1475E-06
  0.3313E+02  0.2548E-04  0.1520E-06
  0.3365E+02  0.2551E-04  0.1563E-06
  0.3416E+02  0.2553E-04  0.1601E-06
  0.3468E+02  0.2553E-04  0.1635E-06
  0.3520E+02  0.2551E-04  0.1662E-06
  0.3572E+02  0.2548E-04  0.1684E-06
  0.3624E+02  0.2543E-04  0.1699E-06
  0.3675E+02  0.2536E-04  0.1709E-06
  0.3727E+02  0.2527E-04  0.1715E-06
  0.3779E+02  0.2516E-04  0.1717E-06
  0.3831E+02  0.2504E-04  0.1719E-06
  0.3882E+02  0.2489E-04  0.1720E-06
  0.3934E+02  0.2473E-04  0.1722E-06
  0.3986E+02  0.2455E-04  0.1727E-06
  0.4038E+02  0.2436E-04  0.1736E-06
  0.4089E+02  0.2414E-04  0.1749E-06
  0.4141E+02  0.2391E-04  0.1766E-06
  0.4193E+02  0.2366E-04  0.1787E-06
  0.4245E+02  0.2339E-04  0.1812E-06
  0.4296E+02  0.2310E-04  0.1839E-06
  0.4348E+02  0.2280E-04  0.1867E-06
  0.4400E+02  0.2248E-04  0.1895E-06
  0.4452E+02  0.2215E-04  0.1923E-06
  0.4504E+02  0.2180E-04  0.1948E-06
  0.4555E+02  0.2143E-04  0.1971E-06
  0.4607E+02  0.2105E-04  0.1991E-06
  0.4659E+02  0.2066E-04  0.2007E-06
  0.4711E+02  0.2026E-04  0.2021E-06
  0.4762E+02  0.1984E-04  0.2031E-06
  0.4814E+02  0.1942E-04  0.2039E-06
  0.4866E+02  0.1898E-04  0.2045E-06
  0.4918E+02  0.1854E-04  0.2050E-06
  0.4969E+02  0.1809E-04  0.2056E-06
  0.5021E+02  0.1764E-04  0.2062E-06
  0.5073E+02  0.1718E-04  0.2070E-06
  0.5125E+02  0.1671E-04  0.2079E-06
  0.5176E+02  0.1624E-04  0.2090E-06
  0.5228E+02  0.1577E-04  0.2104E-06
  0.5280E+02  0.1530E-04  0.2119E-06
  0.5332E+02  0.1483E-04  0.2135E-06
  0.5384E+02  0.1437E-04  0.2152E-06
  0.5435E+02  0.1390E-04  0.2168E-06
  0.5487E+02  0.1344E-04  0.2182E-06
  0.5539E+02  0.1298E-04  0.2194E-06
  0.5591E+02  0.1253E-04  0.2203E-06
  0.5642E+02  0.1208E-04  0.2208E-06
  0.5694E+02  0.1164E-04  0.2209E-06
  0.5746E+02  0.1120E-04  0.2206E-06
  0.5798E+02  0.1077E-04  0.2198E-06
  0.5849E+02  0.1036E-04  0.2187E-06
  0.5901E+02  0.9945E-05  0.2172E-06
  0.5953E+02  0.9543E-05  0.2155E-06
  0.6005E+02  0.9149E-05  0.2137E-06
  0.6056E+02  0.8766E-05  0.2118E-06
  0.6108E+02  0.8391E-05  0.2101E-06
  0.6160E+02  0.8027E-05  0.2086E-06
  0.6212E+02  0.7672E-05  0.2075E-06
  0.6264E+02  0.7327E-05  0.2069E-06
  0.6315E+02  0.6993E-05  0.2068E-06
  0.6367E+02  0.6668E-05  0.2073E-06
  0.6419E+02  0.6353E-05  0.2084E-06
  0.6471E+02  0.6049E-05  0.2100E-06
  0.6522E+02  0.5754E-05  0.2122E-06
  0.6574E+02  0.5469E-05  0.2147E-06
  0.6626E+02  0.5195E-05  0.2176E-06
  0.6678E+02  0.4930E-05  0.2206E-06
  0.6729E+02  0.4675E-05  0.2236E-06
  0.6781E+02  0.4430E-05  0.2266E-06
  0.6833E+02  0.4194E-05  0.2293E-06
  0.6885E+02  0.3968E-05  0.2318E-06
  0.6936E+02  0.3751E-05  0.2339E-06
  0.6988E+02  0.3544E-05  0.2356E-06
  0.7040E+02  0.3346E-05  0.2369E-06
  0.7092E+02  0.3157E-05  0.2378E-06
  0.7144E+02  0.2977E-05  0.2383E-06
  0.7195E+02  0.2806E-05  0.2384E-06
  0.7247E+02  0.2644E-05  0.2383E-06
  0.7299E+02  0.2489E-05  0.2380E-06
  0.7351E+02  0.2343E-05  0.2376E-06
  0.7402E+02  0.2205E-05  0.2373E-06
  0.7454E+02  0.2075E-05  0.2370E-06
  0.7506E+02  0.1951E-05  0.2370E-06
  0.7558E+02  0.1835E-05  0.2373E-06
  0.7609E+02  0.1725E-05  0.2379E-06
  0.7661E+02  0.1622E-05  0.2389E-06
  0.7713E+02  0.1524E-05  0.2403E-06
  0.7765E+02  0.1432E-05  0.2419E-06
  0.7816E+02  0.1344E-05  0.2437E-06
  0.7868E+02  0.1261E-05  0.2455E-06
  0.7920E+02  0.1182E-05  0.2471E-06
  0.7972E+02  0.1106E-05  0.2484E-06
  0.8024E+02  0.1033E-05  0.2491E-06
  0.8075E+02  0.9626E-06  0.2489E-06
  0.8127E+02  0.8941E-06  0.2475E-06
  0.8179E+02  0.8269E-06  0.2447E-06
  0.8231E+02  0.7608E-06  0.2402E-06
  0.8282E+02  0.6952E-06  0.2337E-06
  0.8334E+02  0.6298E-06  0.2249E-06
  0.8386E+02  0.5641E-06  0.2135E-06
  0.8438E+02  0.4979E-06  0.1992E-06
  0.8489E+02  0.4308E-06  0.1819E-06
  0.8541E+02  0.3626E-06  0.1612E-06
  0.8593E+02  0.2931E-06  0.1369E-06
  0.8645E+02  0.2222E-06  0.1089E-06
  0.8696E+02  0.1497E-06  0.7680E-07
  0.8748E+02  0.7562E-07  0.4057E-07
  0.8800E+02  0.0000E+00  0.0000E+00
